#
# There is insufficient memory for the Java Runtime Environment to continue.
# Native memory allocation (malloc) failed to allocate 722096 bytes for Chunk::new
# Possible reasons:
#   The system is out of physical RAM or swap space
#   The process is running with CompressedOops enabled, and the Java Heap may be blocking the growth of the native heap
# Possible solutions:
#   Reduce memory load on the system
#   Increase physical memory or swap space
#   Check if swap backing store is full
#   Decrease Java heap size (-Xmx/-Xms)
#   Decrease number of Java threads
#   Decrease Java thread stack sizes (-Xss)
#   Set larger code cache with -XX:ReservedCodeCacheSize=
#   JVM is running with Unscaled Compressed Oops mode in which the Java heap is
#     placed in the first 4GB address space. The Java Heap base address is the
#     maximum limit for the native heap growth. Please use -XX:HeapBaseMinAddress
#     to set the Java Heap base and to place the Java Heap above 4GB virtual address.
# This output file may be truncated or incomplete.
#
#  Out of Memory Error (./src/hotspot/share/memory/arena.cpp:197), pid=18508, tid=18592
#
# JRE version: OpenJDK Runtime Environment (11.0.8+10) (build 11.0.8+10-b944.6842174)
# Java VM: OpenJDK 64-Bit Server VM (11.0.8+10-b944.6842174, mixed mode, tiered, compressed oops, g1 gc, windows-amd64)
# No core dump will be written. Minidumps are not enabled by default on client versions of Windows
#

---------------  S U M M A R Y ------------

Command Line: --add-opens=java.base/java.util=ALL-UNNAMED --add-opens=java.base/java.lang=ALL-UNNAMED --add-opens=java.base/java.lang.invoke=ALL-UNNAMED --add-opens=java.prefs/java.util.prefs=ALL-UNNAMED -Xmx2048m -Dfile.encoding=UTF-8 -Duser.country=US -Duser.language=en -Duser.variant org.gradle.launcher.daemon.bootstrap.GradleDaemon 6.7.1

Host: AMD Ryzen 5 2600X Six-Core Processor           , 12 cores, 15G,  Windows 10 , 64 bit Build 19041 (10.0.19041.1151)
Time: Sun Sep  5 02:42:33 2021 Pacific Daylight Time elapsed time: 41 seconds (0d 0h 0m 41s)

---------------  T H R E A D  ---------------

Current thread (0x000002cd6be72000):  JavaThread "C2 CompilerThread1" daemon [_thread_in_native, id=18592, stack(0x000000de9cd00000,0x000000de9ce00000)]


Current CompileTask:
C2:  41145 8272       4       org.gradle.internal.snapshot.AbstractIncompleteSnapshotWithChildren::getSnapshot (15 bytes)

Stack: [0x000000de9cd00000,0x000000de9ce00000]
Native frames: (J=compiled Java code, j=interpreted, Vv=VM code, C=native code)
V  [jvm.dll+0x5de50a]
V  [jvm.dll+0x7122f5]
V  [jvm.dll+0x71384d]
V  [jvm.dll+0x713f03]
V  [jvm.dll+0x23e728]
V  [jvm.dll+0xb899c]
V  [jvm.dll+0xb8e9c]
V  [jvm.dll+0x2b20e4]
V  [jvm.dll+0x502098]
V  [jvm.dll+0x1f8df6]
V  [jvm.dll+0x1f685f]
V  [jvm.dll+0x17f32c]
V  [jvm.dll+0x205047]
V  [jvm.dll+0x203891]
V  [jvm.dll+0x6dad3f]
V  [jvm.dll+0x6d3895]
V  [jvm.dll+0x5dd4a6]
C  [ucrtbase.dll+0x21bb2]
C  [KERNEL32.DLL+0x17034]
C  [ntdll.dll+0x52651]


---------------  P R O C E S S  ---------------

Threads class SMR info:
_java_thread_list=0x000002cd69fa0540, length=155, elements={
0x000002cd4e0d1000, 0x000002cd6907d000, 0x000002cd69089000, 0x000002cd690d6800,
0x000002cd690d8800, 0x000002cd690da000, 0x000002cd690e1000, 0x000002cd690e9800,
0x000002cd69277000, 0x000002cd692a2800, 0x000002cd6a58a000, 0x000002cd6a997000,
0x000002cd6b7da800, 0x000002cd6b7df800, 0x000002cd6afd1000, 0x000002cd6c32a000,
0x000002cd6a5ae000, 0x000002cd6a5b3000, 0x000002cd6c139000, 0x000002cd6a434000,
0x000002cd6be95000, 0x000002cd6be96000, 0x000002cd6be93800, 0x000002cd6be94800,
0x000002cd6be91000, 0x000002cd6be90000, 0x000002cd6be96800, 0x000002cd6be92000,
0x000002cd6be92800, 0x000002cd6cea5800, 0x000002cd6cea7000, 0x000002cd6cea8000,
0x000002cd6cea4800, 0x000002cd6cea8800, 0x000002cd6cea3000, 0x000002cd6ceac800,
0x000002cd6cead800, 0x000002cd6ceae800, 0x000002cd6cea9800, 0x000002cd6ceaa000,
0x000002cd6ceaf000, 0x000002cd6ceab000, 0x000002cd6ceac000, 0x000002cd6e2c7000,
0x000002cd6e2ce000, 0x000002cd6e2cb800, 0x000002cd6e2c9000, 0x000002cd6e2cc000,
0x000002cd6e2c9800, 0x000002cd6e2c8000, 0x000002cd6e2cd000, 0x000002cd6e2ce800,
0x000002cd6e2cf800, 0x000002cd6e2d0000, 0x000002cd6e2ca800, 0x000002cd6e2d1000,
0x000002cd6e2d6000, 0x000002cd6e2d3800, 0x000002cd6e2d4800, 0x000002cd6e2d5000,
0x000002cd6e2d2000, 0x000002cd6e2d2800, 0x000002cd6fbd4000, 0x000002cd6fbd5000,
0x000002cd6fbd1800, 0x000002cd6fbcf800, 0x000002cd6fbd6000, 0x000002cd6fbd0000,
0x000002cd6fbd6800, 0x000002cd6fbd1000, 0x000002cd6fbd7800, 0x000002cd6fbd8800,
0x000002cd6fbd2800, 0x000002cd6fbd9000, 0x000002cd6fbd3800, 0x000002cd6fbde000,
0x000002cd6fbda800, 0x000002cd6fbdb800, 0x000002cd6fbdc800, 0x000002cd6fbdd000,
0x000002cd6fbda000, 0x000002cd6e28c000, 0x000002cd6e28d000, 0x000002cd6e287000,
0x000002cd6e28d800, 0x000002cd6e289000, 0x000002cd6e288000, 0x000002cd6e28a800,
0x000002cd6e28b000, 0x000002cd6e28e800, 0x000002cd6e28f800, 0x000002cd6e289800,
0x000002cd6e291000, 0x000002cd6e290000, 0x000002cd6e292800, 0x000002cd6e293800,
0x000002cd6e295000, 0x000002cd6e291800, 0x000002cd6e294000, 0x000002cd6e296000,
0x000002cd6fd4a000, 0x000002cd6fd46000, 0x000002cd6fd47000, 0x000002cd6fd47800,
0x000002cd6fd4b000, 0x000002cd6fd48800, 0x000002cd6fd49800, 0x000002cd6fd45800,
0x000002cd6fd4c000, 0x000002cd6fd4c800, 0x000002cd6fd53000, 0x000002cd6fd51800,
0x000002cd6fd52800, 0x000002cd6fd4d800, 0x000002cd6fd54000, 0x000002cd6fd4f000,
0x000002cd6fd4e800, 0x000002cd6fd50000, 0x000002cd6fd50800, 0x000002cd6fd5a000,
0x000002cd6fd5d000, 0x000002cd6fd5f800, 0x000002cd6fd5e000, 0x000002cd6fd5b800,
0x000002cd6fd60800, 0x000002cd6fd5e800, 0x000002cd6fd5a800, 0x000002cd6fd61000,
0x000002cd6fd62000, 0x000002cd6fd5c000, 0x000002cd6fd67800, 0x000002cd6fd65000,
0x000002cd6fd64800, 0x000002cd6fd66000, 0x000002cd6fd68800, 0x000002cd6fd67000,
0x000002cd6fd63000, 0x000002cd6fd63800, 0x000002cd6ca24000, 0x000002cd6ca27800,
0x000002cd6ca29000, 0x000002cd6ca23800, 0x000002cd6ca2a800, 0x000002cd6ca25000,
0x000002cd6ca2a000, 0x000002cd6ca2b800, 0x000002cd6ca25800, 0x000002cd6ca31000,
0x000002cd6ca32000, 0x000002cd6ca30800, 0x000002cd6ca2f800, 0x000002cd6ca2d000,
0x000002cd6ca2c800, 0x000002cd6ca2e800, 0x000002cd6be72000
}

Java Threads: ( => current thread )
  0x000002cd4e0d1000 JavaThread "main" [_thread_blocked, id=19148, stack(0x000000de92b00000,0x000000de92c00000)]
  0x000002cd6907d000 JavaThread "Reference Handler" daemon [_thread_blocked, id=8012, stack(0x000000de93200000,0x000000de93300000)]
  0x000002cd69089000 JavaThread "Finalizer" daemon [_thread_blocked, id=16576, stack(0x000000de93300000,0x000000de93400000)]
  0x000002cd690d6800 JavaThread "Signal Dispatcher" daemon [_thread_blocked, id=6660, stack(0x000000de93400000,0x000000de93500000)]
  0x000002cd690d8800 JavaThread "Attach Listener" daemon [_thread_blocked, id=19392, stack(0x000000de93500000,0x000000de93600000)]
  0x000002cd690da000 JavaThread "C2 CompilerThread0" daemon [_thread_in_vm, id=12656, stack(0x000000de93600000,0x000000de93700000)]
  0x000002cd690e1000 JavaThread "C1 CompilerThread0" daemon [_thread_blocked, id=14696, stack(0x000000de93700000,0x000000de93800000)]
  0x000002cd690e9800 JavaThread "Sweeper thread" daemon [_thread_blocked, id=13300, stack(0x000000de93800000,0x000000de93900000)]
  0x000002cd69277000 JavaThread "Common-Cleaner" daemon [_thread_blocked, id=15264, stack(0x000000de93900000,0x000000de93a00000)]
  0x000002cd692a2800 JavaThread "Service Thread" daemon [_thread_blocked, id=11948, stack(0x000000de93a00000,0x000000de93b00000)]
  0x000002cd6a58a000 JavaThread "Daemon health stats" [_thread_blocked, id=9512, stack(0x000000de94300000,0x000000de94400000)]
  0x000002cd6a997000 JavaThread "Incoming local TCP Connector on port 60016" [_thread_in_native, id=7384, stack(0x000000de94400000,0x000000de94500000)]
  0x000002cd6b7da800 JavaThread "Daemon periodic checks" [_thread_blocked, id=15008, stack(0x000000de94500000,0x000000de94600000)]
  0x000002cd6b7df800 JavaThread "Daemon" [_thread_blocked, id=13212, stack(0x000000de94600000,0x000000de94700000)]
  0x000002cd6afd1000 JavaThread "Handler for socket connection from /127.0.0.1:60016 to /127.0.0.1:60017" [_thread_in_native, id=19316, stack(0x000000de94700000,0x000000de94800000)]
  0x000002cd6c32a000 JavaThread "Cancel handler" [_thread_blocked, id=18964, stack(0x000000de94800000,0x000000de94900000)]
  0x000002cd6a5ae000 JavaThread "Daemon worker" [_thread_blocked, id=11784, stack(0x000000de94900000,0x000000de94a00000)]
  0x000002cd6a5b3000 JavaThread "Asynchronous log dispatcher for DefaultDaemonConnection: socket connection from /127.0.0.1:60016 to /127.0.0.1:60017" [_thread_blocked, id=7596, stack(0x000000de94a00000,0x000000de94b00000)]
  0x000002cd6c139000 JavaThread "Stdin handler" [_thread_blocked, id=18276, stack(0x000000de94b00000,0x000000de94c00000)]
  0x000002cd6a434000 JavaThread "Thread-8" [_thread_blocked, id=6652, stack(0x000000de94c00000,0x000000de94d00000)]
  0x000002cd6be95000 JavaThread "Cache worker for file hash cache (C:\Users\maxde\.gradle\caches\6.7.1\fileHashes)" [_thread_blocked, id=15188, stack(0x000000de94d00000,0x000000de94e00000)]
  0x000002cd6be96000 JavaThread "File lock request listener" [_thread_in_native, id=18580, stack(0x000000de94e00000,0x000000de94f00000)]
  0x000002cd6be93800 JavaThread "Cache worker for journal cache (C:\Users\maxde\.gradle\caches\journal-1)" [_thread_in_native, id=10084, stack(0x000000de95500000,0x000000de95600000)]
  0x000002cd6be94800 JavaThread "Cache worker for file hash cache (V:\CECS491Project\.gradle\6.7.1\fileHashes)" [_thread_blocked, id=13220, stack(0x000000de95700000,0x000000de95800000)]
  0x000002cd6be91000 JavaThread "Cache worker for checksums cache (V:\CECS491Project\.gradle\checksums)" [_thread_blocked, id=2052, stack(0x000000de95800000,0x000000de95900000)]
  0x000002cd6be90000 JavaThread "Cache worker for cache directory md-supplier (C:\Users\maxde\.gradle\caches\6.7.1\md-supplier)" [_thread_blocked, id=19436, stack(0x000000de95900000,0x000000de95a00000)]
  0x000002cd6be96800 JavaThread "Cache worker for cache directory md-rule (C:\Users\maxde\.gradle\caches\6.7.1\md-rule)" [_thread_blocked, id=13640, stack(0x000000de95a00000,0x000000de95b00000)]
  0x000002cd6be92000 JavaThread "Cache worker for execution history cache (C:\Users\maxde\.gradle\caches\6.7.1\executionHistory)" [_thread_in_native, id=9364, stack(0x000000de95c00000,0x000000de95d00000)]
  0x000002cd6be92800 JavaThread "jar transforms" [_thread_blocked, id=18752, stack(0x000000de95d00000,0x000000de95e00000)]
  0x000002cd6cea5800 JavaThread "Cache worker for file content cache (C:\Users\maxde\.gradle\caches\6.7.1\fileContent)" [_thread_blocked, id=18680, stack(0x000000de95e00000,0x000000de95f00000)]
  0x000002cd6cea7000 JavaThread "Cache worker for Build Output Cleanup Cache (V:\CECS491Project\.gradle\buildOutputCleanup)" [_thread_blocked, id=2520, stack(0x000000de95f00000,0x000000de96000000)]
  0x000002cd6cea8000 JavaThread "Build operations" [_thread_blocked, id=18832, stack(0x000000de96000000,0x000000de96100000)]
  0x000002cd6cea4800 JavaThread "Build operations Thread 2" [_thread_blocked, id=1700, stack(0x000000de96100000,0x000000de96200000)]
  0x000002cd6cea8800 JavaThread "Build operations Thread 3" [_thread_blocked, id=15256, stack(0x000000de96200000,0x000000de96300000)]
  0x000002cd6cea3000 JavaThread "Build operations Thread 4" [_thread_blocked, id=6000, stack(0x000000de96300000,0x000000de96400000)]
  0x000002cd6ceac800 JavaThread "Build operations Thread 5" [_thread_blocked, id=3184, stack(0x000000de96400000,0x000000de96500000)]
  0x000002cd6cead800 JavaThread "Build operations Thread 6" [_thread_blocked, id=11828, stack(0x000000de96500000,0x000000de96600000)]
  0x000002cd6ceae800 JavaThread "Build operations Thread 7" [_thread_blocked, id=17916, stack(0x000000de96600000,0x000000de96700000)]
  0x000002cd6cea9800 JavaThread "Build operations Thread 8" [_thread_blocked, id=13308, stack(0x000000de96700000,0x000000de96800000)]
  0x000002cd6ceaa000 JavaThread "Build operations Thread 9" [_thread_blocked, id=12668, stack(0x000000de96800000,0x000000de96900000)]
  0x000002cd6ceaf000 JavaThread "Build operations Thread 10" [_thread_blocked, id=18472, stack(0x000000de96900000,0x000000de96a00000)]
  0x000002cd6ceab000 JavaThread "Build operations Thread 11" [_thread_blocked, id=1852, stack(0x000000de96a00000,0x000000de96b00000)]
  0x000002cd6ceac000 JavaThread "Build operations Thread 12" [_thread_blocked, id=12208, stack(0x000000de96b00000,0x000000de96c00000)]
  0x000002cd6e2c7000 JavaThread "jar transforms Thread 2" [_thread_blocked, id=12960, stack(0x000000de96c00000,0x000000de96d00000)]
  0x000002cd6e2ce000 JavaThread "jar transforms Thread 3" [_thread_blocked, id=13336, stack(0x000000de96d00000,0x000000de96e00000)]
  0x000002cd6e2cb800 JavaThread "jar transforms Thread 4" [_thread_blocked, id=1000, stack(0x000000de96e00000,0x000000de96f00000)]
  0x000002cd6e2c9000 JavaThread "jar transforms Thread 5" [_thread_blocked, id=7744, stack(0x000000de96f00000,0x000000de97000000)]
  0x000002cd6e2cc000 JavaThread "jar transforms Thread 6" [_thread_blocked, id=11408, stack(0x000000de97000000,0x000000de97100000)]
  0x000002cd6e2c9800 JavaThread "jar transforms Thread 7" [_thread_blocked, id=4336, stack(0x000000de97100000,0x000000de97200000)]
  0x000002cd6e2c8000 JavaThread "jar transforms Thread 8" [_thread_blocked, id=10428, stack(0x000000de97200000,0x000000de97300000)]
  0x000002cd6e2cd000 JavaThread "jar transforms Thread 9" [_thread_blocked, id=13664, stack(0x000000de97300000,0x000000de97400000)]
  0x000002cd6e2ce800 JavaThread "jar transforms Thread 10" [_thread_blocked, id=8324, stack(0x000000de97400000,0x000000de97500000)]
  0x000002cd6e2cf800 JavaThread "jar transforms Thread 11" [_thread_blocked, id=18896, stack(0x000000de97500000,0x000000de97600000)]
  0x000002cd6e2d0000 JavaThread "jar transforms Thread 12" [_thread_blocked, id=3028, stack(0x000000de97600000,0x000000de97700000)]
  0x000002cd6e2ca800 JavaThread "jar transforms Thread 13" [_thread_blocked, id=19032, stack(0x000000de97700000,0x000000de97800000)]
  0x000002cd6e2d1000 JavaThread "jar transforms Thread 14" [_thread_blocked, id=6236, stack(0x000000de97800000,0x000000de97900000)]
  0x000002cd6e2d6000 JavaThread "jar transforms Thread 15" [_thread_blocked, id=18652, stack(0x000000de97900000,0x000000de97a00000)]
  0x000002cd6e2d3800 JavaThread "jar transforms Thread 16" [_thread_blocked, id=14876, stack(0x000000de97a00000,0x000000de97b00000)]
  0x000002cd6e2d4800 JavaThread "jar transforms Thread 17" [_thread_blocked, id=15068, stack(0x000000de97b00000,0x000000de97c00000)]
  0x000002cd6e2d5000 JavaThread "jar transforms Thread 18" [_thread_blocked, id=1156, stack(0x000000de97c00000,0x000000de97d00000)]
  0x000002cd6e2d2000 JavaThread "jar transforms Thread 19" [_thread_blocked, id=4948, stack(0x000000de97d00000,0x000000de97e00000)]
  0x000002cd6e2d2800 JavaThread "jar transforms Thread 20" [_thread_blocked, id=19176, stack(0x000000de97e00000,0x000000de97f00000)]
  0x000002cd6fbd4000 JavaThread "jar transforms Thread 21" [_thread_blocked, id=14352, stack(0x000000de97f00000,0x000000de98000000)]
  0x000002cd6fbd5000 JavaThread "jar transforms Thread 22" [_thread_blocked, id=6260, stack(0x000000de98000000,0x000000de98100000)]
  0x000002cd6fbd1800 JavaThread "jar transforms Thread 23" [_thread_blocked, id=11116, stack(0x000000de98100000,0x000000de98200000)]
  0x000002cd6fbcf800 JavaThread "jar transforms Thread 24" [_thread_blocked, id=14044, stack(0x000000de98200000,0x000000de98300000)]
  0x000002cd6fbd6000 JavaThread "jar transforms Thread 25" [_thread_blocked, id=19120, stack(0x000000de98300000,0x000000de98400000)]
  0x000002cd6fbd0000 JavaThread "jar transforms Thread 26" [_thread_blocked, id=1232, stack(0x000000de98400000,0x000000de98500000)]
  0x000002cd6fbd6800 JavaThread "jar transforms Thread 27" [_thread_blocked, id=16420, stack(0x000000de98500000,0x000000de98600000)]
  0x000002cd6fbd1000 JavaThread "jar transforms Thread 28" [_thread_blocked, id=15568, stack(0x000000de98600000,0x000000de98700000)]
  0x000002cd6fbd7800 JavaThread "jar transforms Thread 29" [_thread_blocked, id=6172, stack(0x000000de98700000,0x000000de98800000)]
  0x000002cd6fbd8800 JavaThread "jar transforms Thread 30" [_thread_blocked, id=18812, stack(0x000000de98800000,0x000000de98900000)]
  0x000002cd6fbd2800 JavaThread "jar transforms Thread 31" [_thread_blocked, id=14224, stack(0x000000de98900000,0x000000de98a00000)]
  0x000002cd6fbd9000 JavaThread "jar transforms Thread 32" [_thread_blocked, id=4080, stack(0x000000de98a00000,0x000000de98b00000)]
  0x000002cd6fbd3800 JavaThread "jar transforms Thread 33" [_thread_blocked, id=4924, stack(0x000000de98b00000,0x000000de98c00000)]
  0x000002cd6fbde000 JavaThread "jar transforms Thread 34" [_thread_blocked, id=2944, stack(0x000000de98c00000,0x000000de98d00000)]
  0x000002cd6fbda800 JavaThread "jar transforms Thread 35" [_thread_blocked, id=10560, stack(0x000000de98d00000,0x000000de98e00000)]
  0x000002cd6fbdb800 JavaThread "jar transforms Thread 36" [_thread_blocked, id=9480, stack(0x000000de98e00000,0x000000de98f00000)]
  0x000002cd6fbdc800 JavaThread "jar transforms Thread 37" [_thread_blocked, id=9548, stack(0x000000de98f00000,0x000000de99000000)]
  0x000002cd6fbdd000 JavaThread "jar transforms Thread 38" [_thread_blocked, id=12640, stack(0x000000de99000000,0x000000de99100000)]
  0x000002cd6fbda000 JavaThread "jar transforms Thread 39" [_thread_blocked, id=16628, stack(0x000000de99100000,0x000000de99200000)]
  0x000002cd6e28c000 JavaThread "jar transforms Thread 40" [_thread_blocked, id=18548, stack(0x000000de99200000,0x000000de99300000)]
  0x000002cd6e28d000 JavaThread "jar transforms Thread 41" [_thread_blocked, id=18684, stack(0x000000de99300000,0x000000de99400000)]
  0x000002cd6e287000 JavaThread "jar transforms Thread 42" [_thread_blocked, id=16596, stack(0x000000de99400000,0x000000de99500000)]
  0x000002cd6e28d800 JavaThread "jar transforms Thread 43" [_thread_blocked, id=9696, stack(0x000000de99500000,0x000000de99600000)]
  0x000002cd6e289000 JavaThread "jar transforms Thread 44" [_thread_blocked, id=6104, stack(0x000000de99600000,0x000000de99700000)]
  0x000002cd6e288000 JavaThread "jar transforms Thread 45" [_thread_blocked, id=11452, stack(0x000000de99700000,0x000000de99800000)]
  0x000002cd6e28a800 JavaThread "jar transforms Thread 46" [_thread_blocked, id=8524, stack(0x000000de99800000,0x000000de99900000)]
  0x000002cd6e28b000 JavaThread "jar transforms Thread 47" [_thread_blocked, id=13848, stack(0x000000de99900000,0x000000de99a00000)]
  0x000002cd6e28e800 JavaThread "jar transforms Thread 48" [_thread_blocked, id=8332, stack(0x000000de99a00000,0x000000de99b00000)]
  0x000002cd6e28f800 JavaThread "jar transforms Thread 49" [_thread_blocked, id=17004, stack(0x000000de99b00000,0x000000de99c00000)]
  0x000002cd6e289800 JavaThread "jar transforms Thread 50" [_thread_blocked, id=6108, stack(0x000000de99c00000,0x000000de99d00000)]
  0x000002cd6e291000 JavaThread "jar transforms Thread 51" [_thread_blocked, id=508, stack(0x000000de99d00000,0x000000de99e00000)]
  0x000002cd6e290000 JavaThread "jar transforms Thread 52" [_thread_blocked, id=18996, stack(0x000000de99e00000,0x000000de99f00000)]
  0x000002cd6e292800 JavaThread "jar transforms Thread 53" [_thread_blocked, id=19128, stack(0x000000de99f00000,0x000000de9a000000)]
  0x000002cd6e293800 JavaThread "jar transforms Thread 54" [_thread_blocked, id=4744, stack(0x000000de9a000000,0x000000de9a100000)]
  0x000002cd6e295000 JavaThread "jar transforms Thread 55" [_thread_blocked, id=14932, stack(0x000000de9a100000,0x000000de9a200000)]
  0x000002cd6e291800 JavaThread "jar transforms Thread 56" [_thread_blocked, id=6056, stack(0x000000de9a200000,0x000000de9a300000)]
  0x000002cd6e294000 JavaThread "jar transforms Thread 57" [_thread_blocked, id=19340, stack(0x000000de9a300000,0x000000de9a400000)]
  0x000002cd6e296000 JavaThread "jar transforms Thread 58" [_thread_blocked, id=19216, stack(0x000000de9a400000,0x000000de9a500000)]
  0x000002cd6fd4a000 JavaThread "jar transforms Thread 59" [_thread_blocked, id=10340, stack(0x000000de9a500000,0x000000de9a600000)]
  0x000002cd6fd46000 JavaThread "jar transforms Thread 60" [_thread_blocked, id=11444, stack(0x000000de9a600000,0x000000de9a700000)]
  0x000002cd6fd47000 JavaThread "jar transforms Thread 61" [_thread_blocked, id=5240, stack(0x000000de9a700000,0x000000de9a800000)]
  0x000002cd6fd47800 JavaThread "jar transforms Thread 62" [_thread_blocked, id=19272, stack(0x000000de9a800000,0x000000de9a900000)]
  0x000002cd6fd4b000 JavaThread "jar transforms Thread 63" [_thread_blocked, id=6644, stack(0x000000de9a900000,0x000000de9aa00000)]
  0x000002cd6fd48800 JavaThread "jar transforms Thread 64" [_thread_blocked, id=3488, stack(0x000000de9aa00000,0x000000de9ab00000)]
  0x000002cd6fd49800 JavaThread "jar transforms Thread 65" [_thread_blocked, id=11848, stack(0x000000de9ab00000,0x000000de9ac00000)]
  0x000002cd6fd45800 JavaThread "jar transforms Thread 66" [_thread_blocked, id=12812, stack(0x000000de9ac00000,0x000000de9ad00000)]
  0x000002cd6fd4c000 JavaThread "jar transforms Thread 67" [_thread_blocked, id=19260, stack(0x000000de9ad00000,0x000000de9ae00000)]
  0x000002cd6fd4c800 JavaThread "jar transforms Thread 68" [_thread_blocked, id=8544, stack(0x000000de9ae00000,0x000000de9af00000)]
  0x000002cd6fd53000 JavaThread "jar transforms Thread 69" [_thread_blocked, id=18220, stack(0x000000de9af00000,0x000000de9b000000)]
  0x000002cd6fd51800 JavaThread "jar transforms Thread 70" [_thread_blocked, id=14488, stack(0x000000de9b000000,0x000000de9b100000)]
  0x000002cd6fd52800 JavaThread "jar transforms Thread 71" [_thread_blocked, id=16172, stack(0x000000de9b100000,0x000000de9b200000)]
  0x000002cd6fd4d800 JavaThread "jar transforms Thread 72" [_thread_blocked, id=15860, stack(0x000000de9b200000,0x000000de9b300000)]
  0x000002cd6fd54000 JavaThread "jar transforms Thread 73" [_thread_blocked, id=14780, stack(0x000000de9b300000,0x000000de9b400000)]
  0x000002cd6fd4f000 JavaThread "jar transforms Thread 74" [_thread_blocked, id=3012, stack(0x000000de9b400000,0x000000de9b500000)]
  0x000002cd6fd4e800 JavaThread "jar transforms Thread 75" [_thread_blocked, id=9540, stack(0x000000de9b500000,0x000000de9b600000)]
  0x000002cd6fd50000 JavaThread "jar transforms Thread 76" [_thread_blocked, id=6556, stack(0x000000de9b600000,0x000000de9b700000)]
  0x000002cd6fd50800 JavaThread "jar transforms Thread 77" [_thread_blocked, id=15944, stack(0x000000de9b700000,0x000000de9b800000)]
  0x000002cd6fd5a000 JavaThread "jar transforms Thread 78" [_thread_blocked, id=18488, stack(0x000000de9b800000,0x000000de9b900000)]
  0x000002cd6fd5d000 JavaThread "jar transforms Thread 79" [_thread_blocked, id=6036, stack(0x000000de9b900000,0x000000de9ba00000)]
  0x000002cd6fd5f800 JavaThread "jar transforms Thread 80" [_thread_blocked, id=15576, stack(0x000000de9ba00000,0x000000de9bb00000)]
  0x000002cd6fd5e000 JavaThread "jar transforms Thread 81" [_thread_blocked, id=18852, stack(0x000000de9bb00000,0x000000de9bc00000)]
  0x000002cd6fd5b800 JavaThread "jar transforms Thread 82" [_thread_blocked, id=1568, stack(0x000000de9bc00000,0x000000de9bd00000)]
  0x000002cd6fd60800 JavaThread "jar transforms Thread 83" [_thread_blocked, id=4200, stack(0x000000de9bd00000,0x000000de9be00000)]
  0x000002cd6fd5e800 JavaThread "jar transforms Thread 84" [_thread_blocked, id=10648, stack(0x000000de9be00000,0x000000de9bf00000)]
  0x000002cd6fd5a800 JavaThread "jar transforms Thread 85" [_thread_blocked, id=12748, stack(0x000000de9bf00000,0x000000de9c000000)]
  0x000002cd6fd61000 JavaThread "jar transforms Thread 86" [_thread_blocked, id=12360, stack(0x000000de9c000000,0x000000de9c100000)]
  0x000002cd6fd62000 JavaThread "jar transforms Thread 87" [_thread_blocked, id=11692, stack(0x000000de9c100000,0x000000de9c200000)]
  0x000002cd6fd5c000 JavaThread "jar transforms Thread 88" [_thread_blocked, id=13200, stack(0x000000de9c200000,0x000000de9c300000)]
  0x000002cd6fd67800 JavaThread "jar transforms Thread 89" [_thread_blocked, id=6112, stack(0x000000de9c300000,0x000000de9c400000)]
  0x000002cd6fd65000 JavaThread "jar transforms Thread 90" [_thread_blocked, id=6888, stack(0x000000de9c400000,0x000000de9c500000)]
  0x000002cd6fd64800 JavaThread "jar transforms Thread 91" [_thread_blocked, id=6092, stack(0x000000de9c500000,0x000000de9c600000)]
  0x000002cd6fd66000 JavaThread "jar transforms Thread 92" [_thread_blocked, id=14512, stack(0x000000de9c600000,0x000000de9c700000)]
  0x000002cd6fd68800 JavaThread "jar transforms Thread 93" [_thread_blocked, id=9668, stack(0x000000de9c700000,0x000000de9c800000)]
  0x000002cd6fd67000 JavaThread "jar transforms Thread 94" [_thread_blocked, id=18096, stack(0x000000de9c800000,0x000000de9c900000)]
  0x000002cd6fd63000 JavaThread "jar transforms Thread 95" [_thread_blocked, id=18708, stack(0x000000de9c900000,0x000000de9ca00000)]
  0x000002cd6fd63800 JavaThread "jar transforms Thread 96" [_thread_blocked, id=7468, stack(0x000000de9ca00000,0x000000de9cb00000)]
  0x000002cd6ca24000 JavaThread "jar transforms Thread 97" [_thread_blocked, id=3688, stack(0x000000de9cb00000,0x000000de9cc00000)]
  0x000002cd6ca27800 JavaThread "Memory manager" [_thread_blocked, id=12372, stack(0x000000de9cc00000,0x000000de9cd00000)]
  0x000002cd6ca29000 JavaThread "build event listener" [_thread_blocked, id=11664, stack(0x000000de9ce00000,0x000000de9cf00000)]
  0x000002cd6ca23800 JavaThread "build event listener" [_thread_blocked, id=6764, stack(0x000000de9cf00000,0x000000de9d000000)]
  0x000002cd6ca2a800 JavaThread "Execution worker for ':'" [_thread_blocked, id=9908, stack(0x000000de9d000000,0x000000de9d100000)]
  0x000002cd6ca25000 JavaThread "Execution worker for ':' Thread 2" [_thread_blocked, id=504, stack(0x000000de9d100000,0x000000de9d200000)]
  0x000002cd6ca2a000 JavaThread "Execution worker for ':' Thread 3" [_thread_blocked, id=18324, stack(0x000000de9d200000,0x000000de9d300000)]
  0x000002cd6ca2b800 JavaThread "Execution worker for ':' Thread 4" [_thread_in_native, id=5344, stack(0x000000de9d300000,0x000000de9d400000)]
  0x000002cd6ca25800 JavaThread "Execution worker for ':' Thread 5" [_thread_blocked, id=18976, stack(0x000000de9d400000,0x000000de9d500000)]
  0x000002cd6ca31000 JavaThread "Execution worker for ':' Thread 6" [_thread_blocked, id=976, stack(0x000000de9d500000,0x000000de9d600000)]
  0x000002cd6ca32000 JavaThread "Execution worker for ':' Thread 7" [_thread_blocked, id=3152, stack(0x000000de9d600000,0x000000de9d700000)]
  0x000002cd6ca30800 JavaThread "Execution worker for ':' Thread 8" [_thread_blocked, id=8272, stack(0x000000de9d700000,0x000000de9d800000)]
  0x000002cd6ca2f800 JavaThread "Execution worker for ':' Thread 9" [_thread_blocked, id=1968, stack(0x000000de9d800000,0x000000de9d900000)]
  0x000002cd6ca2d000 JavaThread "Execution worker for ':' Thread 10" [_thread_blocked, id=12308, stack(0x000000de9d900000,0x000000de9da00000)]
  0x000002cd6ca2c800 JavaThread "Execution worker for ':' Thread 11" [_thread_blocked, id=9148, stack(0x000000de9da00000,0x000000de9db00000)]
  0x000002cd6ca2e800 JavaThread "Cache worker for execution history cache (V:\CECS491Project\.gradle\6.7.1\executionHistory)" [_thread_blocked, id=10968, stack(0x000000de9db00000,0x000000de9dc00000)]
=>0x000002cd6be72000 JavaThread "C2 CompilerThread1" daemon [_thread_in_native, id=18592, stack(0x000000de9cd00000,0x000000de9ce00000)]

Other Threads:
  0x000002cd69079000 VMThread "VM Thread" [stack: 0x000000de93100000,0x000000de93200000] [id=19080]
  0x000002cd692a3000 WatcherThread [stack: 0x000000de93b00000,0x000000de93c00000] [id=14132]
  0x000002cd4e0e8800 GCTaskThread "GC Thread#0" [stack: 0x000000de92c00000,0x000000de92d00000] [id=4544]
  0x000002cd69dc9800 GCTaskThread "GC Thread#1" [stack: 0x000000de93e00000,0x000000de93f00000] [id=18700]
  0x000002cd69e6d000 GCTaskThread "GC Thread#2" [stack: 0x000000de93f00000,0x000000de94000000] [id=11836]
  0x000002cd69e54800 GCTaskThread "GC Thread#3" [stack: 0x000000de94000000,0x000000de94100000] [id=6280]
  0x000002cd69bc1000 GCTaskThread "GC Thread#4" [stack: 0x000000de94100000,0x000000de94200000] [id=7564]
  0x000002cd69dcc800 GCTaskThread "GC Thread#5" [stack: 0x000000de94200000,0x000000de94300000] [id=18804]
  0x000002cd6c87e800 GCTaskThread "GC Thread#6" [stack: 0x000000de94f00000,0x000000de95000000] [id=1328]
  0x000002cd6a9b0800 GCTaskThread "GC Thread#7" [stack: 0x000000de95000000,0x000000de95100000] [id=19028]
  0x000002cd6b062000 GCTaskThread "GC Thread#8" [stack: 0x000000de95100000,0x000000de95200000] [id=13056]
  0x000002cd6b063000 GCTaskThread "GC Thread#9" [stack: 0x000000de95200000,0x000000de95300000] [id=17208]
  0x000002cd4e11a000 ConcurrentGCThread "G1 Main Marker" [stack: 0x000000de92d00000,0x000000de92e00000] [id=10344]
  0x000002cd4e11f000 ConcurrentGCThread "G1 Conc#0" [stack: 0x000000de92e00000,0x000000de92f00000] [id=13136]
  0x000002cd6bcc1000 ConcurrentGCThread "G1 Conc#1" [stack: 0x000000de95300000,0x000000de95400000] [id=9936]
  0x000002cd6a6fe000 ConcurrentGCThread "G1 Conc#2" [stack: 0x000000de95400000,0x000000de95500000] [id=16104]
  0x000002cd686c3000 ConcurrentGCThread "G1 Refine#0" [stack: 0x000000de92f00000,0x000000de93000000] [id=2744]
  0x000002cd6fdad000 ConcurrentGCThread "G1 Refine#1" [stack: 0x000000de95600000,0x000000de95700000] [id=9532]
  0x000002cd6fda9800 ConcurrentGCThread "G1 Refine#2" [stack: 0x000000de95b00000,0x000000de95c00000] [id=19016]
  0x000002cd686c4000 ConcurrentGCThread "G1 Young RemSet Sampling" [stack: 0x000000de93000000,0x000000de93100000] [id=17748]

Threads with active compile tasks:
C2 CompilerThread0  41564 8381   !   4       com.google.common.cache.LocalCache::processPendingNotifications (47 bytes)
C2 CompilerThread1  41565 8272       4       org.gradle.internal.snapshot.AbstractIncompleteSnapshotWithChildren::getSnapshot (15 bytes)

VM state:not at safepoint (normal execution)

VM Mutex/Monitor currently owned by a thread: None

Heap address: 0x0000000080000000, size: 2048 MB, Compressed Oops mode: 32-bit
Narrow klass base: 0x0000000000000000, Narrow klass shift: 3
Compressed class space size: 1073741824 Address: 0x0000000100000000

Heap:
 garbage-first heap   total 262144K, used 138240K [0x0000000080000000, 0x0000000100000000)
  region size 1024K, 97 young (99328K), 10 survivors (10240K)
 Metaspace       used 75998K, capacity 77893K, committed 77952K, reserved 1116160K
  class space    used 9913K, capacity 10605K, committed 10624K, reserved 1048576K
Heap Regions: E=young(eden), S=young(survivor), O=old, HS=humongous(starts), HC=humongous(continues), CS=collection set, F=free, A=archive, TAMS=top-at-mark-start (previous, next)
|   0|0x0000000080000000, 0x0000000080100000, 0x0000000080100000|100%| O|  |TAMS 0x0000000080100000, 0x0000000080000000| Untracked 
|   1|0x0000000080100000, 0x0000000080200000, 0x0000000080200000|100%| O|  |TAMS 0x0000000080200000, 0x0000000080100000| Untracked 
|   2|0x0000000080200000, 0x0000000080300000, 0x0000000080300000|100%| O|  |TAMS 0x0000000080300000, 0x0000000080200000| Untracked 
|   3|0x0000000080300000, 0x0000000080400000, 0x0000000080400000|100%|HS|  |TAMS 0x0000000080400000, 0x0000000080300000| Complete 
|   4|0x0000000080400000, 0x0000000080500000, 0x0000000080500000|100%|HC|  |TAMS 0x0000000080500000, 0x0000000080400000| Complete 
|   5|0x0000000080500000, 0x0000000080600000, 0x0000000080600000|100%|HC|  |TAMS 0x0000000080600000, 0x0000000080500000| Complete 
|   6|0x0000000080600000, 0x0000000080700000, 0x0000000080700000|100%| O|  |TAMS 0x0000000080700000, 0x0000000080600000| Untracked 
|   7|0x0000000080700000, 0x0000000080800000, 0x0000000080800000|100%| O|  |TAMS 0x0000000080800000, 0x0000000080700000| Untracked 
|   8|0x0000000080800000, 0x0000000080900000, 0x0000000080900000|100%| O|  |TAMS 0x0000000080900000, 0x0000000080800000| Untracked 
|   9|0x0000000080900000, 0x0000000080a00000, 0x0000000080a00000|100%| O|  |TAMS 0x0000000080a00000, 0x0000000080900000| Untracked 
|  10|0x0000000080a00000, 0x0000000080b00000, 0x0000000080b00000|100%| O|  |TAMS 0x0000000080b00000, 0x0000000080a00000| Untracked 
|  11|0x0000000080b00000, 0x0000000080c00000, 0x0000000080c00000|100%| O|  |TAMS 0x0000000080c00000, 0x0000000080b00000| Untracked 
|  12|0x0000000080c00000, 0x0000000080d00000, 0x0000000080d00000|100%| O|  |TAMS 0x0000000080d00000, 0x0000000080c00000| Untracked 
|  13|0x0000000080d00000, 0x0000000080e00000, 0x0000000080e00000|100%| O|  |TAMS 0x0000000080e00000, 0x0000000080d00000| Untracked 
|  14|0x0000000080e00000, 0x0000000080f00000, 0x0000000080f00000|100%| O|  |TAMS 0x0000000080f00000, 0x0000000080e00000| Untracked 
|  15|0x0000000080f00000, 0x0000000081000000, 0x0000000081000000|100%| O|  |TAMS 0x0000000081000000, 0x0000000080f00000| Untracked 
|  16|0x0000000081000000, 0x0000000081100000, 0x0000000081100000|100%|HS|  |TAMS 0x0000000081100000, 0x0000000081000000| Complete 
|  17|0x0000000081100000, 0x0000000081200000, 0x0000000081200000|100%|HS|  |TAMS 0x0000000081200000, 0x0000000081100000| Complete 
|  18|0x0000000081200000, 0x0000000081300000, 0x0000000081300000|100%|HC|  |TAMS 0x0000000081300000, 0x0000000081200000| Complete 
|  19|0x0000000081300000, 0x0000000081400000, 0x0000000081400000|100%| O|  |TAMS 0x0000000081300000, 0x0000000081300000| Untracked 
|  20|0x0000000081400000, 0x0000000081500000, 0x0000000081500000|100%| O|  |TAMS 0x0000000081500000, 0x0000000081400000| Untracked 
|  21|0x0000000081500000, 0x0000000081600000, 0x0000000081600000|100%| O|  |TAMS 0x00000000815c5000, 0x0000000081500000| Untracked 
|  22|0x0000000081600000, 0x0000000081700000, 0x0000000081700000|100%| O|  |TAMS 0x0000000081600000, 0x0000000081600000| Untracked 
|  23|0x0000000081700000, 0x0000000081800000, 0x0000000081800000|100%| O|  |TAMS 0x0000000081700000, 0x0000000081700000| Untracked 
|  24|0x0000000081800000, 0x0000000081900000, 0x0000000081900000|100%| O|  |TAMS 0x0000000081800000, 0x0000000081800000| Untracked 
|  25|0x0000000081900000, 0x0000000081a00000, 0x0000000081a00000|100%| O|  |TAMS 0x0000000081900000, 0x0000000081900000| Untracked 
|  26|0x0000000081a00000, 0x0000000081b00000, 0x0000000081b00000|100%| O|  |TAMS 0x0000000081a00000, 0x0000000081a00000| Untracked 
|  27|0x0000000081b00000, 0x0000000081c00000, 0x0000000081c00000|100%| O|  |TAMS 0x0000000081b00000, 0x0000000081b00000| Untracked 
|  28|0x0000000081c00000, 0x0000000081d00000, 0x0000000081d00000|100%| O|  |TAMS 0x0000000081c00000, 0x0000000081c00000| Untracked 
|  29|0x0000000081d00000, 0x0000000081e00000, 0x0000000081e00000|100%| O|  |TAMS 0x0000000081d00000, 0x0000000081d00000| Untracked 
|  30|0x0000000081e00000, 0x0000000081f00000, 0x0000000081f00000|100%| O|  |TAMS 0x0000000081e00000, 0x0000000081e00000| Untracked 
|  31|0x0000000081f00000, 0x0000000082000000, 0x0000000082000000|100%| O|  |TAMS 0x0000000081f00000, 0x0000000081f00000| Untracked 
|  32|0x0000000082000000, 0x0000000082100000, 0x0000000082100000|100%| O|  |TAMS 0x0000000082000000, 0x0000000082000000| Untracked 
|  33|0x0000000082100000, 0x0000000082200000, 0x0000000082200000|100%| O|  |TAMS 0x0000000082100000, 0x0000000082100000| Untracked 
|  34|0x0000000082200000, 0x0000000082300000, 0x0000000082300000|100%| O|  |TAMS 0x0000000082200000, 0x0000000082200000| Untracked 
|  35|0x0000000082300000, 0x0000000082400000, 0x0000000082400000|100%| O|  |TAMS 0x0000000082300000, 0x0000000082300000| Untracked 
|  36|0x0000000082400000, 0x0000000082500000, 0x0000000082500000|100%| O|  |TAMS 0x0000000082400000, 0x0000000082400000| Untracked 
|  37|0x0000000082500000, 0x0000000082600000, 0x0000000082600000|100%| O|  |TAMS 0x0000000082500000, 0x0000000082500000| Untracked 
|  38|0x0000000082600000, 0x0000000082700000, 0x0000000082700000|100%| O|  |TAMS 0x0000000082600000, 0x0000000082600000| Untracked 
|  39|0x0000000082700000, 0x0000000082800000, 0x0000000082800000|100%| O|  |TAMS 0x0000000082700000, 0x0000000082700000| Untracked 
|  40|0x0000000082800000, 0x0000000082800000, 0x0000000082900000|  0%| F|  |TAMS 0x0000000082800000, 0x0000000082800000| Untracked 
|  41|0x0000000082900000, 0x0000000082900000, 0x0000000082a00000|  0%| F|  |TAMS 0x0000000082900000, 0x0000000082900000| Untracked 
|  42|0x0000000082a00000, 0x0000000082a00000, 0x0000000082b00000|  0%| F|  |TAMS 0x0000000082a00000, 0x0000000082a00000| Untracked 
|  43|0x0000000082b00000, 0x0000000082b00000, 0x0000000082c00000|  0%| F|  |TAMS 0x0000000082b00000, 0x0000000082b00000| Untracked 
|  44|0x0000000082c00000, 0x0000000082c00000, 0x0000000082d00000|  0%| F|  |TAMS 0x0000000082c00000, 0x0000000082c00000| Untracked 
|  45|0x0000000082d00000, 0x0000000082d00000, 0x0000000082e00000|  0%| F|  |TAMS 0x0000000082d00000, 0x0000000082d00000| Untracked 
|  46|0x0000000082e00000, 0x0000000082e00000, 0x0000000082f00000|  0%| F|  |TAMS 0x0000000082e00000, 0x0000000082e00000| Untracked 
|  47|0x0000000082f00000, 0x0000000082f00000, 0x0000000083000000|  0%| F|  |TAMS 0x0000000082f00000, 0x0000000082f00000| Untracked 
|  48|0x0000000083000000, 0x0000000083000000, 0x0000000083100000|  0%| F|  |TAMS 0x0000000083000000, 0x0000000083000000| Untracked 
|  49|0x0000000083100000, 0x0000000083100000, 0x0000000083200000|  0%| F|  |TAMS 0x0000000083100000, 0x0000000083100000| Untracked 
|  50|0x0000000083200000, 0x0000000083200000, 0x0000000083300000|  0%| F|  |TAMS 0x0000000083200000, 0x0000000083200000| Untracked 
|  51|0x0000000083300000, 0x0000000083300000, 0x0000000083400000|  0%| F|  |TAMS 0x0000000083300000, 0x0000000083300000| Untracked 
|  52|0x0000000083400000, 0x0000000083400000, 0x0000000083500000|  0%| F|  |TAMS 0x0000000083400000, 0x0000000083400000| Untracked 
|  53|0x0000000083500000, 0x0000000083500000, 0x0000000083600000|  0%| F|  |TAMS 0x0000000083500000, 0x0000000083500000| Untracked 
|  54|0x0000000083600000, 0x0000000083600000, 0x0000000083700000|  0%| F|  |TAMS 0x0000000083600000, 0x0000000083600000| Untracked 
|  55|0x0000000083700000, 0x0000000083700000, 0x0000000083800000|  0%| F|  |TAMS 0x0000000083700000, 0x0000000083700000| Untracked 
|  56|0x0000000083800000, 0x0000000083800000, 0x0000000083900000|  0%| F|  |TAMS 0x0000000083800000, 0x0000000083800000| Untracked 
|  57|0x0000000083900000, 0x0000000083900000, 0x0000000083a00000|  0%| F|  |TAMS 0x0000000083900000, 0x0000000083900000| Untracked 
|  58|0x0000000083a00000, 0x0000000083a00000, 0x0000000083b00000|  0%| F|  |TAMS 0x0000000083a00000, 0x0000000083a00000| Untracked 
|  59|0x0000000083b00000, 0x0000000083b00000, 0x0000000083c00000|  0%| F|  |TAMS 0x0000000083b00000, 0x0000000083b00000| Untracked 
|  60|0x0000000083c00000, 0x0000000083c00000, 0x0000000083d00000|  0%| F|  |TAMS 0x0000000083c00000, 0x0000000083c00000| Untracked 
|  61|0x0000000083d00000, 0x0000000083d00000, 0x0000000083e00000|  0%| F|  |TAMS 0x0000000083d00000, 0x0000000083d00000| Untracked 
|  62|0x0000000083e00000, 0x0000000083e00000, 0x0000000083f00000|  0%| F|  |TAMS 0x0000000083e00000, 0x0000000083e00000| Untracked 
|  63|0x0000000083f00000, 0x0000000083f00000, 0x0000000084000000|  0%| F|  |TAMS 0x0000000083f00000, 0x0000000083f00000| Untracked 
|  64|0x0000000084000000, 0x0000000084000000, 0x0000000084100000|  0%| F|  |TAMS 0x0000000084000000, 0x0000000084000000| Untracked 
|  65|0x0000000084100000, 0x0000000084100000, 0x0000000084200000|  0%| F|  |TAMS 0x0000000084100000, 0x0000000084100000| Untracked 
|  66|0x0000000084200000, 0x0000000084200000, 0x0000000084300000|  0%| F|  |TAMS 0x0000000084200000, 0x0000000084200000| Untracked 
|  67|0x0000000084300000, 0x0000000084300000, 0x0000000084400000|  0%| F|  |TAMS 0x0000000084300000, 0x0000000084300000| Untracked 
|  68|0x0000000084400000, 0x0000000084400000, 0x0000000084500000|  0%| F|  |TAMS 0x0000000084400000, 0x0000000084400000| Untracked 
|  69|0x0000000084500000, 0x0000000084500000, 0x0000000084600000|  0%| F|  |TAMS 0x0000000084500000, 0x0000000084500000| Untracked 
|  70|0x0000000084600000, 0x0000000084600000, 0x0000000084700000|  0%| F|  |TAMS 0x0000000084600000, 0x0000000084600000| Untracked 
|  71|0x0000000084700000, 0x0000000084700000, 0x0000000084800000|  0%| F|  |TAMS 0x0000000084700000, 0x0000000084700000| Untracked 
|  72|0x0000000084800000, 0x0000000084800000, 0x0000000084900000|  0%| F|  |TAMS 0x0000000084800000, 0x0000000084800000| Untracked 
|  73|0x0000000084900000, 0x0000000084900000, 0x0000000084a00000|  0%| F|  |TAMS 0x0000000084900000, 0x0000000084900000| Untracked 
|  74|0x0000000084a00000, 0x0000000084a00000, 0x0000000084b00000|  0%| F|  |TAMS 0x0000000084a00000, 0x0000000084a00000| Untracked 
|  75|0x0000000084b00000, 0x0000000084b00000, 0x0000000084c00000|  0%| F|  |TAMS 0x0000000084b00000, 0x0000000084b00000| Untracked 
|  76|0x0000000084c00000, 0x0000000084c00000, 0x0000000084d00000|  0%| F|  |TAMS 0x0000000084c00000, 0x0000000084c00000| Untracked 
|  77|0x0000000084d00000, 0x0000000084d00000, 0x0000000084e00000|  0%| F|  |TAMS 0x0000000084d00000, 0x0000000084d00000| Untracked 
|  78|0x0000000084e00000, 0x0000000084e00000, 0x0000000084f00000|  0%| F|  |TAMS 0x0000000084e00000, 0x0000000084e00000| Untracked 
|  79|0x0000000084f00000, 0x0000000084f00000, 0x0000000085000000|  0%| F|  |TAMS 0x0000000084f00000, 0x0000000084f00000| Untracked 
|  80|0x0000000085000000, 0x0000000085000000, 0x0000000085100000|  0%| F|  |TAMS 0x0000000085000000, 0x0000000085000000| Untracked 
|  81|0x0000000085100000, 0x0000000085100000, 0x0000000085200000|  0%| F|  |TAMS 0x0000000085100000, 0x0000000085100000| Untracked 
|  82|0x0000000085200000, 0x0000000085200000, 0x0000000085300000|  0%| F|  |TAMS 0x0000000085200000, 0x0000000085200000| Untracked 
|  83|0x0000000085300000, 0x0000000085300000, 0x0000000085400000|  0%| F|  |TAMS 0x0000000085300000, 0x0000000085300000| Untracked 
|  84|0x0000000085400000, 0x0000000085400000, 0x0000000085500000|  0%| F|  |TAMS 0x0000000085400000, 0x0000000085400000| Untracked 
|  85|0x0000000085500000, 0x0000000085500000, 0x0000000085600000|  0%| F|  |TAMS 0x0000000085500000, 0x0000000085500000| Untracked 
|  86|0x0000000085600000, 0x0000000085600000, 0x0000000085700000|  0%| F|  |TAMS 0x0000000085600000, 0x0000000085600000| Untracked 
|  87|0x0000000085700000, 0x0000000085700000, 0x0000000085800000|  0%| F|  |TAMS 0x0000000085700000, 0x0000000085700000| Untracked 
|  88|0x0000000085800000, 0x0000000085800000, 0x0000000085900000|  0%| F|  |TAMS 0x0000000085800000, 0x0000000085800000| Untracked 
|  89|0x0000000085900000, 0x0000000085900000, 0x0000000085a00000|  0%| F|  |TAMS 0x0000000085900000, 0x0000000085900000| Untracked 
|  90|0x0000000085a00000, 0x0000000085a00000, 0x0000000085b00000|  0%| F|  |TAMS 0x0000000085a00000, 0x0000000085a00000| Untracked 
|  91|0x0000000085b00000, 0x0000000085b00000, 0x0000000085c00000|  0%| F|  |TAMS 0x0000000085b00000, 0x0000000085b00000| Untracked 
|  92|0x0000000085c00000, 0x0000000085c00000, 0x0000000085d00000|  0%| F|  |TAMS 0x0000000085c00000, 0x0000000085c00000| Untracked 
|  93|0x0000000085d00000, 0x0000000085d00000, 0x0000000085e00000|  0%| F|  |TAMS 0x0000000085d00000, 0x0000000085d00000| Untracked 
|  94|0x0000000085e00000, 0x0000000085e00000, 0x0000000085f00000|  0%| F|  |TAMS 0x0000000085e00000, 0x0000000085e00000| Untracked 
|  95|0x0000000085f00000, 0x0000000085f00000, 0x0000000086000000|  0%| F|  |TAMS 0x0000000085f00000, 0x0000000085f00000| Untracked 
|  96|0x0000000086000000, 0x0000000086000000, 0x0000000086100000|  0%| F|  |TAMS 0x0000000086000000, 0x0000000086000000| Untracked 
|  97|0x0000000086100000, 0x0000000086100000, 0x0000000086200000|  0%| F|  |TAMS 0x0000000086100000, 0x0000000086100000| Untracked 
|  98|0x0000000086200000, 0x0000000086200000, 0x0000000086300000|  0%| F|  |TAMS 0x0000000086200000, 0x0000000086200000| Untracked 
|  99|0x0000000086300000, 0x0000000086300000, 0x0000000086400000|  0%| F|  |TAMS 0x0000000086300000, 0x0000000086300000| Untracked 
| 100|0x0000000086400000, 0x0000000086400000, 0x0000000086500000|  0%| F|  |TAMS 0x0000000086400000, 0x0000000086400000| Untracked 
| 101|0x0000000086500000, 0x0000000086500000, 0x0000000086600000|  0%| F|  |TAMS 0x0000000086500000, 0x0000000086500000| Untracked 
| 102|0x0000000086600000, 0x0000000086600000, 0x0000000086700000|  0%| F|  |TAMS 0x0000000086600000, 0x0000000086600000| Untracked 
| 103|0x0000000086700000, 0x0000000086700000, 0x0000000086800000|  0%| F|  |TAMS 0x0000000086700000, 0x0000000086700000| Untracked 
| 104|0x0000000086800000, 0x0000000086800000, 0x0000000086900000|  0%| F|  |TAMS 0x0000000086800000, 0x0000000086800000| Untracked 
| 105|0x0000000086900000, 0x0000000086900000, 0x0000000086a00000|  0%| F|  |TAMS 0x0000000086900000, 0x0000000086900000| Untracked 
| 106|0x0000000086a00000, 0x0000000086a00000, 0x0000000086b00000|  0%| F|  |TAMS 0x0000000086a00000, 0x0000000086a00000| Untracked 
| 107|0x0000000086b00000, 0x0000000086b00000, 0x0000000086c00000|  0%| F|  |TAMS 0x0000000086b00000, 0x0000000086b00000| Untracked 
| 108|0x0000000086c00000, 0x0000000086c00000, 0x0000000086d00000|  0%| F|  |TAMS 0x0000000086c00000, 0x0000000086c00000| Untracked 
| 109|0x0000000086d00000, 0x0000000086d00000, 0x0000000086e00000|  0%| F|  |TAMS 0x0000000086d00000, 0x0000000086d00000| Untracked 
| 110|0x0000000086e00000, 0x0000000086e00000, 0x0000000086f00000|  0%| F|  |TAMS 0x0000000086e00000, 0x0000000086e00000| Untracked 
| 111|0x0000000086f00000, 0x0000000086f00000, 0x0000000087000000|  0%| F|  |TAMS 0x0000000086f00000, 0x0000000086f00000| Untracked 
| 112|0x0000000087000000, 0x0000000087000000, 0x0000000087100000|  0%| F|  |TAMS 0x0000000087000000, 0x0000000087000000| Untracked 
| 113|0x0000000087100000, 0x0000000087200000, 0x0000000087200000|100%| S|CS|TAMS 0x0000000087100000, 0x0000000087100000| Complete 
| 114|0x0000000087200000, 0x0000000087300000, 0x0000000087300000|100%| S|CS|TAMS 0x0000000087200000, 0x0000000087200000| Complete 
| 115|0x0000000087300000, 0x0000000087400000, 0x0000000087400000|100%| S|CS|TAMS 0x0000000087300000, 0x0000000087300000| Complete 
| 116|0x0000000087400000, 0x0000000087500000, 0x0000000087500000|100%| S|CS|TAMS 0x0000000087400000, 0x0000000087400000| Complete 
| 117|0x0000000087500000, 0x0000000087600000, 0x0000000087600000|100%| S|CS|TAMS 0x0000000087500000, 0x0000000087500000| Complete 
| 118|0x0000000087600000, 0x0000000087700000, 0x0000000087700000|100%| S|CS|TAMS 0x0000000087600000, 0x0000000087600000| Complete 
| 119|0x0000000087700000, 0x0000000087800000, 0x0000000087800000|100%| S|CS|TAMS 0x0000000087700000, 0x0000000087700000| Complete 
| 120|0x0000000087800000, 0x0000000087900000, 0x0000000087900000|100%| S|CS|TAMS 0x0000000087800000, 0x0000000087800000| Complete 
| 121|0x0000000087900000, 0x0000000087a00000, 0x0000000087a00000|100%| S|CS|TAMS 0x0000000087900000, 0x0000000087900000| Complete 
| 122|0x0000000087a00000, 0x0000000087b00000, 0x0000000087b00000|100%| S|CS|TAMS 0x0000000087a00000, 0x0000000087a00000| Complete 
| 123|0x0000000087b00000, 0x0000000087b00000, 0x0000000087c00000|  0%| F|  |TAMS 0x0000000087b00000, 0x0000000087b00000| Untracked 
| 124|0x0000000087c00000, 0x0000000087c00000, 0x0000000087d00000|  0%| F|  |TAMS 0x0000000087c00000, 0x0000000087c00000| Untracked 
| 125|0x0000000087d00000, 0x0000000087d00000, 0x0000000087e00000|  0%| F|  |TAMS 0x0000000087d00000, 0x0000000087d00000| Untracked 
| 126|0x0000000087e00000, 0x0000000087e00000, 0x0000000087f00000|  0%| F|  |TAMS 0x0000000087e00000, 0x0000000087e00000| Untracked 
| 127|0x0000000087f00000, 0x0000000087f00000, 0x0000000088000000|  0%| F|  |TAMS 0x0000000087f00000, 0x0000000087f00000| Untracked 
| 128|0x0000000088000000, 0x0000000088000000, 0x0000000088100000|  0%| F|  |TAMS 0x0000000088000000, 0x0000000088000000| Untracked 
| 129|0x0000000088100000, 0x0000000088100000, 0x0000000088200000|  0%| F|  |TAMS 0x0000000088100000, 0x0000000088100000| Untracked 
| 130|0x0000000088200000, 0x0000000088200000, 0x0000000088300000|  0%| F|  |TAMS 0x0000000088200000, 0x0000000088200000| Untracked 
| 131|0x0000000088300000, 0x0000000088300000, 0x0000000088400000|  0%| F|  |TAMS 0x0000000088300000, 0x0000000088300000| Untracked 
| 132|0x0000000088400000, 0x0000000088400000, 0x0000000088500000|  0%| F|  |TAMS 0x0000000088400000, 0x0000000088400000| Untracked 
| 133|0x0000000088500000, 0x0000000088500000, 0x0000000088600000|  0%| F|  |TAMS 0x0000000088500000, 0x0000000088500000| Untracked 
| 134|0x0000000088600000, 0x0000000088600000, 0x0000000088700000|  0%| F|  |TAMS 0x0000000088600000, 0x0000000088600000| Untracked 
| 135|0x0000000088700000, 0x0000000088700000, 0x0000000088800000|  0%| F|  |TAMS 0x0000000088700000, 0x0000000088700000| Untracked 
| 136|0x0000000088800000, 0x0000000088800000, 0x0000000088900000|  0%| F|  |TAMS 0x0000000088800000, 0x0000000088800000| Untracked 
| 137|0x0000000088900000, 0x0000000088900000, 0x0000000088a00000|  0%| F|  |TAMS 0x0000000088900000, 0x0000000088900000| Untracked 
| 138|0x0000000088a00000, 0x0000000088a00000, 0x0000000088b00000|  0%| F|  |TAMS 0x0000000088a00000, 0x0000000088a00000| Untracked 
| 139|0x0000000088b00000, 0x0000000088b00000, 0x0000000088c00000|  0%| F|  |TAMS 0x0000000088b00000, 0x0000000088b00000| Untracked 
| 140|0x0000000088c00000, 0x0000000088c00000, 0x0000000088d00000|  0%| F|  |TAMS 0x0000000088c00000, 0x0000000088c00000| Untracked 
| 141|0x0000000088d00000, 0x0000000088d00000, 0x0000000088e00000|  0%| F|  |TAMS 0x0000000088d00000, 0x0000000088d00000| Untracked 
| 142|0x0000000088e00000, 0x0000000088e00000, 0x0000000088f00000|  0%| F|  |TAMS 0x0000000088e00000, 0x0000000088e00000| Untracked 
| 143|0x0000000088f00000, 0x0000000088f00000, 0x0000000089000000|  0%| F|  |TAMS 0x0000000088f00000, 0x0000000088f00000| Untracked 
| 144|0x0000000089000000, 0x0000000089000000, 0x0000000089100000|  0%| F|  |TAMS 0x0000000089000000, 0x0000000089000000| Untracked 
| 145|0x0000000089100000, 0x0000000089100000, 0x0000000089200000|  0%| F|  |TAMS 0x0000000089100000, 0x0000000089100000| Untracked 
| 146|0x0000000089200000, 0x0000000089200000, 0x0000000089300000|  0%| F|  |TAMS 0x0000000089200000, 0x0000000089200000| Untracked 
| 147|0x0000000089300000, 0x0000000089300000, 0x0000000089400000|  0%| F|  |TAMS 0x0000000089300000, 0x0000000089300000| Untracked 
| 148|0x0000000089400000, 0x0000000089400000, 0x0000000089500000|  0%| F|  |TAMS 0x0000000089400000, 0x0000000089400000| Untracked 
| 149|0x0000000089500000, 0x0000000089500000, 0x0000000089600000|  0%| F|  |TAMS 0x0000000089500000, 0x0000000089500000| Untracked 
| 150|0x0000000089600000, 0x0000000089600000, 0x0000000089700000|  0%| F|  |TAMS 0x0000000089600000, 0x0000000089600000| Untracked 
| 151|0x0000000089700000, 0x0000000089700000, 0x0000000089800000|  0%| F|  |TAMS 0x0000000089700000, 0x0000000089700000| Untracked 
| 152|0x0000000089800000, 0x0000000089800000, 0x0000000089900000|  0%| F|  |TAMS 0x0000000089800000, 0x0000000089800000| Untracked 
| 153|0x0000000089900000, 0x0000000089900000, 0x0000000089a00000|  0%| F|  |TAMS 0x0000000089900000, 0x0000000089900000| Untracked 
| 154|0x0000000089a00000, 0x0000000089a00000, 0x0000000089b00000|  0%| F|  |TAMS 0x0000000089a00000, 0x0000000089a00000| Untracked 
| 155|0x0000000089b00000, 0x0000000089b00000, 0x0000000089c00000|  0%| F|  |TAMS 0x0000000089b00000, 0x0000000089b00000| Untracked 
| 156|0x0000000089c00000, 0x0000000089c00000, 0x0000000089d00000|  0%| F|  |TAMS 0x0000000089c00000, 0x0000000089c00000| Untracked 
| 157|0x0000000089d00000, 0x0000000089d00000, 0x0000000089e00000|  0%| F|  |TAMS 0x0000000089d00000, 0x0000000089d00000| Untracked 
| 158|0x0000000089e00000, 0x0000000089e00000, 0x0000000089f00000|  0%| F|  |TAMS 0x0000000089e00000, 0x0000000089e00000| Untracked 
| 159|0x0000000089f00000, 0x0000000089f00000, 0x000000008a000000|  0%| F|  |TAMS 0x0000000089f00000, 0x0000000089f00000| Untracked 
| 160|0x000000008a000000, 0x000000008a000000, 0x000000008a100000|  0%| F|  |TAMS 0x000000008a000000, 0x000000008a000000| Untracked 
| 161|0x000000008a100000, 0x000000008a100000, 0x000000008a200000|  0%| F|  |TAMS 0x000000008a100000, 0x000000008a100000| Untracked 
| 162|0x000000008a200000, 0x000000008a200000, 0x000000008a300000|  0%| F|  |TAMS 0x000000008a200000, 0x000000008a200000| Untracked 
| 163|0x000000008a300000, 0x000000008a300000, 0x000000008a400000|  0%| F|  |TAMS 0x000000008a300000, 0x000000008a300000| Untracked 
| 164|0x000000008a400000, 0x000000008a400000, 0x000000008a500000|  0%| F|  |TAMS 0x000000008a400000, 0x000000008a400000| Untracked 
| 165|0x000000008a500000, 0x000000008a500000, 0x000000008a600000|  0%| F|  |TAMS 0x000000008a500000, 0x000000008a500000| Untracked 
| 166|0x000000008a600000, 0x000000008a600000, 0x000000008a700000|  0%| F|  |TAMS 0x000000008a600000, 0x000000008a600000| Untracked 
| 167|0x000000008a700000, 0x000000008a7a2b80, 0x000000008a800000| 63%| E|  |TAMS 0x000000008a700000, 0x000000008a700000| Complete 
| 168|0x000000008a800000, 0x000000008a900000, 0x000000008a900000|100%| E|CS|TAMS 0x000000008a800000, 0x000000008a800000| Complete 
| 169|0x000000008a900000, 0x000000008aa00000, 0x000000008aa00000|100%| E|CS|TAMS 0x000000008a900000, 0x000000008a900000| Complete 
| 170|0x000000008aa00000, 0x000000008ab00000, 0x000000008ab00000|100%| E|CS|TAMS 0x000000008aa00000, 0x000000008aa00000| Complete 
| 171|0x000000008ab00000, 0x000000008ac00000, 0x000000008ac00000|100%| E|CS|TAMS 0x000000008ab00000, 0x000000008ab00000| Complete 
| 172|0x000000008ac00000, 0x000000008ad00000, 0x000000008ad00000|100%| E|CS|TAMS 0x000000008ac00000, 0x000000008ac00000| Complete 
| 173|0x000000008ad00000, 0x000000008ae00000, 0x000000008ae00000|100%| E|  |TAMS 0x000000008ad00000, 0x000000008ad00000| Complete 
| 174|0x000000008ae00000, 0x000000008af00000, 0x000000008af00000|100%| E|CS|TAMS 0x000000008ae00000, 0x000000008ae00000| Complete 
| 175|0x000000008af00000, 0x000000008b000000, 0x000000008b000000|100%| E|CS|TAMS 0x000000008af00000, 0x000000008af00000| Complete 
| 176|0x000000008b000000, 0x000000008b100000, 0x000000008b100000|100%| E|CS|TAMS 0x000000008b000000, 0x000000008b000000| Complete 
| 177|0x000000008b100000, 0x000000008b200000, 0x000000008b200000|100%| E|CS|TAMS 0x000000008b100000, 0x000000008b100000| Complete 
| 178|0x000000008b200000, 0x000000008b300000, 0x000000008b300000|100%| E|CS|TAMS 0x000000008b200000, 0x000000008b200000| Complete 
| 179|0x000000008b300000, 0x000000008b400000, 0x000000008b400000|100%| E|CS|TAMS 0x000000008b300000, 0x000000008b300000| Complete 
| 180|0x000000008b400000, 0x000000008b500000, 0x000000008b500000|100%| E|CS|TAMS 0x000000008b400000, 0x000000008b400000| Complete 
| 181|0x000000008b500000, 0x000000008b600000, 0x000000008b600000|100%| E|CS|TAMS 0x000000008b500000, 0x000000008b500000| Complete 
| 182|0x000000008b600000, 0x000000008b700000, 0x000000008b700000|100%| E|CS|TAMS 0x000000008b600000, 0x000000008b600000| Complete 
| 183|0x000000008b700000, 0x000000008b800000, 0x000000008b800000|100%| E|CS|TAMS 0x000000008b700000, 0x000000008b700000| Complete 
| 184|0x000000008b800000, 0x000000008b900000, 0x000000008b900000|100%| E|CS|TAMS 0x000000008b800000, 0x000000008b800000| Complete 
| 185|0x000000008b900000, 0x000000008ba00000, 0x000000008ba00000|100%| E|CS|TAMS 0x000000008b900000, 0x000000008b900000| Complete 
| 186|0x000000008ba00000, 0x000000008bb00000, 0x000000008bb00000|100%| E|CS|TAMS 0x000000008ba00000, 0x000000008ba00000| Complete 
| 187|0x000000008bb00000, 0x000000008bc00000, 0x000000008bc00000|100%| E|CS|TAMS 0x000000008bb00000, 0x000000008bb00000| Complete 
| 188|0x000000008bc00000, 0x000000008bd00000, 0x000000008bd00000|100%| E|CS|TAMS 0x000000008bc00000, 0x000000008bc00000| Complete 
| 189|0x000000008bd00000, 0x000000008be00000, 0x000000008be00000|100%| E|CS|TAMS 0x000000008bd00000, 0x000000008bd00000| Complete 
| 190|0x000000008be00000, 0x000000008bf00000, 0x000000008bf00000|100%| E|CS|TAMS 0x000000008be00000, 0x000000008be00000| Complete 
| 191|0x000000008bf00000, 0x000000008c000000, 0x000000008c000000|100%| E|CS|TAMS 0x000000008bf00000, 0x000000008bf00000| Complete 
| 192|0x000000008c000000, 0x000000008c100000, 0x000000008c100000|100%| E|CS|TAMS 0x000000008c000000, 0x000000008c000000| Complete 
| 193|0x000000008c100000, 0x000000008c200000, 0x000000008c200000|100%| E|CS|TAMS 0x000000008c100000, 0x000000008c100000| Complete 
| 194|0x000000008c200000, 0x000000008c300000, 0x000000008c300000|100%| E|CS|TAMS 0x000000008c200000, 0x000000008c200000| Complete 
| 195|0x000000008c300000, 0x000000008c400000, 0x000000008c400000|100%| E|CS|TAMS 0x000000008c300000, 0x000000008c300000| Complete 
| 196|0x000000008c400000, 0x000000008c500000, 0x000000008c500000|100%| E|CS|TAMS 0x000000008c400000, 0x000000008c400000| Complete 
| 197|0x000000008c500000, 0x000000008c600000, 0x000000008c600000|100%| E|CS|TAMS 0x000000008c500000, 0x000000008c500000| Complete 
| 198|0x000000008c600000, 0x000000008c700000, 0x000000008c700000|100%| E|CS|TAMS 0x000000008c600000, 0x000000008c600000| Complete 
| 199|0x000000008c700000, 0x000000008c800000, 0x000000008c800000|100%| E|CS|TAMS 0x000000008c700000, 0x000000008c700000| Complete 
| 200|0x000000008c800000, 0x000000008c900000, 0x000000008c900000|100%| E|CS|TAMS 0x000000008c800000, 0x000000008c800000| Complete 
| 201|0x000000008c900000, 0x000000008ca00000, 0x000000008ca00000|100%| E|CS|TAMS 0x000000008c900000, 0x000000008c900000| Complete 
| 202|0x000000008ca00000, 0x000000008cb00000, 0x000000008cb00000|100%| E|CS|TAMS 0x000000008ca00000, 0x000000008ca00000| Complete 
| 203|0x000000008cb00000, 0x000000008cc00000, 0x000000008cc00000|100%| E|CS|TAMS 0x000000008cb00000, 0x000000008cb00000| Complete 
| 204|0x000000008cc00000, 0x000000008cd00000, 0x000000008cd00000|100%| E|CS|TAMS 0x000000008cc00000, 0x000000008cc00000| Complete 
| 205|0x000000008cd00000, 0x000000008ce00000, 0x000000008ce00000|100%| E|CS|TAMS 0x000000008cd00000, 0x000000008cd00000| Complete 
| 206|0x000000008ce00000, 0x000000008cf00000, 0x000000008cf00000|100%| E|CS|TAMS 0x000000008ce00000, 0x000000008ce00000| Complete 
| 207|0x000000008cf00000, 0x000000008d000000, 0x000000008d000000|100%| E|CS|TAMS 0x000000008cf00000, 0x000000008cf00000| Complete 
| 208|0x000000008d000000, 0x000000008d100000, 0x000000008d100000|100%| E|CS|TAMS 0x000000008d000000, 0x000000008d000000| Complete 
| 209|0x000000008d100000, 0x000000008d200000, 0x000000008d200000|100%| E|CS|TAMS 0x000000008d100000, 0x000000008d100000| Complete 
| 210|0x000000008d200000, 0x000000008d300000, 0x000000008d300000|100%| E|CS|TAMS 0x000000008d200000, 0x000000008d200000| Complete 
| 211|0x000000008d300000, 0x000000008d400000, 0x000000008d400000|100%| E|CS|TAMS 0x000000008d300000, 0x000000008d300000| Complete 
| 212|0x000000008d400000, 0x000000008d500000, 0x000000008d500000|100%| E|CS|TAMS 0x000000008d400000, 0x000000008d400000| Complete 
| 213|0x000000008d500000, 0x000000008d600000, 0x000000008d600000|100%| E|CS|TAMS 0x000000008d500000, 0x000000008d500000| Complete 
| 214|0x000000008d600000, 0x000000008d700000, 0x000000008d700000|100%| E|CS|TAMS 0x000000008d600000, 0x000000008d600000| Complete 
| 215|0x000000008d700000, 0x000000008d800000, 0x000000008d800000|100%| E|CS|TAMS 0x000000008d700000, 0x000000008d700000| Complete 
| 216|0x000000008d800000, 0x000000008d900000, 0x000000008d900000|100%| E|CS|TAMS 0x000000008d800000, 0x000000008d800000| Complete 
| 217|0x000000008d900000, 0x000000008da00000, 0x000000008da00000|100%| E|CS|TAMS 0x000000008d900000, 0x000000008d900000| Complete 
| 218|0x000000008da00000, 0x000000008db00000, 0x000000008db00000|100%| E|CS|TAMS 0x000000008da00000, 0x000000008da00000| Complete 
| 219|0x000000008db00000, 0x000000008dc00000, 0x000000008dc00000|100%| E|CS|TAMS 0x000000008db00000, 0x000000008db00000| Complete 
| 220|0x000000008dc00000, 0x000000008dd00000, 0x000000008dd00000|100%| E|CS|TAMS 0x000000008dc00000, 0x000000008dc00000| Complete 
| 221|0x000000008dd00000, 0x000000008de00000, 0x000000008de00000|100%| E|CS|TAMS 0x000000008dd00000, 0x000000008dd00000| Complete 
| 222|0x000000008de00000, 0x000000008df00000, 0x000000008df00000|100%| E|CS|TAMS 0x000000008de00000, 0x000000008de00000| Complete 
| 223|0x000000008df00000, 0x000000008e000000, 0x000000008e000000|100%| E|CS|TAMS 0x000000008df00000, 0x000000008df00000| Complete 
| 224|0x000000008e000000, 0x000000008e100000, 0x000000008e100000|100%| E|CS|TAMS 0x000000008e000000, 0x000000008e000000| Complete 
| 225|0x000000008e100000, 0x000000008e200000, 0x000000008e200000|100%| E|CS|TAMS 0x000000008e100000, 0x000000008e100000| Complete 
| 226|0x000000008e200000, 0x000000008e300000, 0x000000008e300000|100%| E|CS|TAMS 0x000000008e200000, 0x000000008e200000| Complete 
| 227|0x000000008e300000, 0x000000008e400000, 0x000000008e400000|100%| E|CS|TAMS 0x000000008e300000, 0x000000008e300000| Complete 
| 228|0x000000008e400000, 0x000000008e500000, 0x000000008e500000|100%| E|CS|TAMS 0x000000008e400000, 0x000000008e400000| Complete 
| 229|0x000000008e500000, 0x000000008e600000, 0x000000008e600000|100%| E|CS|TAMS 0x000000008e500000, 0x000000008e500000| Complete 
| 230|0x000000008e600000, 0x000000008e700000, 0x000000008e700000|100%| E|CS|TAMS 0x000000008e600000, 0x000000008e600000| Complete 
| 231|0x000000008e700000, 0x000000008e800000, 0x000000008e800000|100%| E|CS|TAMS 0x000000008e700000, 0x000000008e700000| Complete 
| 232|0x000000008e800000, 0x000000008e900000, 0x000000008e900000|100%| E|CS|TAMS 0x000000008e800000, 0x000000008e800000| Complete 
| 233|0x000000008e900000, 0x000000008ea00000, 0x000000008ea00000|100%| E|CS|TAMS 0x000000008e900000, 0x000000008e900000| Complete 
| 234|0x000000008ea00000, 0x000000008eb00000, 0x000000008eb00000|100%| E|CS|TAMS 0x000000008ea00000, 0x000000008ea00000| Complete 
| 235|0x000000008eb00000, 0x000000008ec00000, 0x000000008ec00000|100%| E|CS|TAMS 0x000000008eb00000, 0x000000008eb00000| Complete 
| 236|0x000000008ec00000, 0x000000008ed00000, 0x000000008ed00000|100%| E|CS|TAMS 0x000000008ec00000, 0x000000008ec00000| Complete 
| 237|0x000000008ed00000, 0x000000008ee00000, 0x000000008ee00000|100%| E|CS|TAMS 0x000000008ed00000, 0x000000008ed00000| Complete 
| 238|0x000000008ee00000, 0x000000008ef00000, 0x000000008ef00000|100%| E|CS|TAMS 0x000000008ee00000, 0x000000008ee00000| Complete 
| 239|0x000000008ef00000, 0x000000008f000000, 0x000000008f000000|100%| E|CS|TAMS 0x000000008ef00000, 0x000000008ef00000| Complete 
| 240|0x000000008f000000, 0x000000008f100000, 0x000000008f100000|100%| E|CS|TAMS 0x000000008f000000, 0x000000008f000000| Complete 
| 241|0x000000008f100000, 0x000000008f200000, 0x000000008f200000|100%| E|CS|TAMS 0x000000008f100000, 0x000000008f100000| Complete 
| 242|0x000000008f200000, 0x000000008f300000, 0x000000008f300000|100%| E|CS|TAMS 0x000000008f200000, 0x000000008f200000| Complete 
| 243|0x000000008f300000, 0x000000008f400000, 0x000000008f400000|100%| E|CS|TAMS 0x000000008f300000, 0x000000008f300000| Complete 
| 244|0x000000008f400000, 0x000000008f500000, 0x000000008f500000|100%| E|CS|TAMS 0x000000008f400000, 0x000000008f400000| Complete 
| 245|0x000000008f500000, 0x000000008f600000, 0x000000008f600000|100%| E|CS|TAMS 0x000000008f500000, 0x000000008f500000| Complete 
| 246|0x000000008f600000, 0x000000008f700000, 0x000000008f700000|100%| E|CS|TAMS 0x000000008f600000, 0x000000008f600000| Complete 
| 247|0x000000008f700000, 0x000000008f800000, 0x000000008f800000|100%| E|CS|TAMS 0x000000008f700000, 0x000000008f700000| Complete 
| 248|0x000000008f800000, 0x000000008f900000, 0x000000008f900000|100%| E|CS|TAMS 0x000000008f800000, 0x000000008f800000| Complete 
| 249|0x000000008f900000, 0x000000008fa00000, 0x000000008fa00000|100%| E|CS|TAMS 0x000000008f900000, 0x000000008f900000| Complete 
| 250|0x000000008fa00000, 0x000000008fb00000, 0x000000008fb00000|100%| E|CS|TAMS 0x000000008fa00000, 0x000000008fa00000| Complete 
| 251|0x000000008fb00000, 0x000000008fc00000, 0x000000008fc00000|100%| E|CS|TAMS 0x000000008fb00000, 0x000000008fb00000| Complete 
| 252|0x000000008fc00000, 0x000000008fd00000, 0x000000008fd00000|100%| E|CS|TAMS 0x000000008fc00000, 0x000000008fc00000| Complete 
| 253|0x000000008fd00000, 0x000000008fe00000, 0x000000008fe00000|100%| E|CS|TAMS 0x000000008fd00000, 0x000000008fd00000| Complete 
| 254|0x000000008fe00000, 0x000000008ff00000, 0x000000008ff00000|100%| E|CS|TAMS 0x000000008fe00000, 0x000000008fe00000| Complete 
| 255|0x000000008ff00000, 0x0000000090000000, 0x0000000090000000|100%| E|CS|TAMS 0x000000008ff00000, 0x000000008ff00000| Complete 

Card table byte_map: [0x000002cd613a0000,0x000002cd617a0000] _byte_map_base: 0x000002cd60fa0000

Marking Bits (Prev, Next): (CMBitMap*) 0x000002cd4e111430, (CMBitMap*) 0x000002cd4e1113f8
 Prev Bits: [0x000002cd63ba0000, 0x000002cd65ba0000)
 Next Bits: [0x000002cd61ba0000, 0x000002cd63ba0000)

Polling page: 0x000002cd4c080000

Metaspace:

Usage:
  Non-class:     65.71 MB capacity,    64.57 MB ( 98%) used,   977.06 KB (  1%) free+waste,   199.06 KB ( <1%) overhead. 
      Class:     10.36 MB capacity,     9.68 MB ( 93%) used,   598.97 KB (  6%) free+waste,    91.63 KB ( <1%) overhead. 
       Both:     76.07 MB capacity,    74.25 MB ( 98%) used,     1.54 MB (  2%) free+waste,   290.69 KB ( <1%) overhead. 

Virtual space:
  Non-class space:       66.00 MB reserved,      65.75 MB (>99%) committed 
      Class space:        1.00 GB reserved,      10.38 MB (  1%) committed 
             Both:        1.06 GB reserved,      76.13 MB (  7%) committed 

Chunk freelists:
   Non-Class:  36.00 KB
       Class:  0 bytes
        Both:  36.00 KB

MaxMetaspaceSize: 17179869184.00 GB
CompressedClassSpaceSize: 1.00 GB

CodeHeap 'non-profiled nmethods': size=120000Kb used=4962Kb max_used=4962Kb free=115037Kb
 bounds [0x000002cd59520000, 0x000002cd59a00000, 0x000002cd60a50000]
CodeHeap 'profiled nmethods': size=120000Kb used=17180Kb max_used=17180Kb free=102819Kb
 bounds [0x000002cd51ff0000, 0x000002cd530c0000, 0x000002cd59520000]
CodeHeap 'non-nmethods': size=5760Kb used=2249Kb max_used=2287Kb free=3510Kb
 bounds [0x000002cd51a50000, 0x000002cd51cc0000, 0x000002cd51ff0000]
 total_blobs=8996 nmethods=8158 adapters=748
 compilation: enabled
              stopped_count=0, restarted_count=0
 full_count=0

Compilation events (20 events):
Event: 41.110 Thread 0x000002cd690e1000 8278       3       org.gradle.internal.snapshot.AbstractIncompleteSnapshotWithChildren$1::handleChildOfExisting (6 bytes)
Event: 41.110 Thread 0x000002cd690e1000 nmethod 8278 0x000002cd5307a190 code [0x000002cd5307a340, 0x000002cd5307a488]
Event: 41.110 Thread 0x000002cd690e1000 8279       3       org.gradle.internal.snapshot.AbstractIncompleteSnapshotWithChildren$1::handleChildOfExisting (66 bytes)
Event: 41.112 Thread 0x000002cd690e1000 nmethod 8279 0x000002cd5307a510 code [0x000002cd5307a9a0, 0x000002cd5307d428]
Event: 41.112 Thread 0x000002cd690e1000 8280       3       java.lang.invoke.LambdaForm$MH/0x0000000100a48c40::linkToTargetMethod (11 bytes)
Event: 41.112 Thread 0x000002cd690e1000 nmethod 8280 0x000002cd5307e010 code [0x000002cd5307e1e0, 0x000002cd5307e618]
Event: 41.112 Thread 0x000002cd690e1000 8281       1       com.google.common.cache.LocalCache$LoadingValueReference::isLoading (2 bytes)
Event: 41.113 Thread 0x000002cd690e1000 nmethod 8281 0x000002cd599da610 code [0x000002cd599da7c0, 0x000002cd599da878]
Event: 41.113 Thread 0x000002cd690e1000 8282       1       org.gradle.internal.execution.steps.ResolveInputChangesStep$1::getWork (5 bytes)
Event: 41.113 Thread 0x000002cd690e1000 nmethod 8282 0x000002cd599da910 code [0x000002cd599daac0, 0x000002cd599dab78]
Event: 41.123 Thread 0x000002cd690e1000 8283       3       java.io.FileInputStream::open (6 bytes)
Event: 41.123 Thread 0x000002cd690e1000 nmethod 8283 0x000002cd5307e710 code [0x000002cd5307e8c0, 0x000002cd5307e9e8]
Event: 41.123 Thread 0x000002cd690e1000 8284   !   3       java.io.FileInputStream::getFinalizer (42 bytes)
Event: 41.123 Thread 0x000002cd690e1000 nmethod 8284 0x000002cd5307ea90 code [0x000002cd5307ec80, 0x000002cd5307f068]
Event: 41.123 Thread 0x000002cd690e1000 8285       1       org.gradle.internal.execution.steps.SnapshotOutputsStep$1::getFinalOutputs (5 bytes)
Event: 41.124 Thread 0x000002cd690e1000 nmethod 8285 0x000002cd599dac10 code [0x000002cd599dadc0, 0x000002cd599dae78]
Event: 41.124 Thread 0x000002cd690e1000 8286       3       org.gradle.internal.operations.DefaultBuildOperationQueue$WorkerRunnable::access$700 (5 bytes)
Event: 41.125 Thread 0x000002cd690e1000 nmethod 8286 0x000002cd5307f310 code [0x000002cd5307f4c0, 0x000002cd5307f5c8]
Event: 41.126 Thread 0x000002cd690e1000 8288       3       org.gradle.api.internal.file.DefaultFileSystemLocation::<init> (10 bytes)
Event: 41.126 Thread 0x000002cd690e1000 nmethod 8288 0x000002cd5307f690 code [0x000002cd5307f840, 0x000002cd5307f9f8]

GC Heap History (14 events):
Event: 0.977 GC heap before
{Heap before GC invocations=0 (full 0):
 garbage-first heap   total 262144K, used 29696K [0x0000000080000000, 0x0000000100000000)
  region size 1024K, 24 young (24576K), 0 survivors (0K)
 Metaspace       used 10414K, capacity 10640K, committed 11008K, reserved 1058816K
  class space    used 1098K, capacity 1164K, committed 1280K, reserved 1048576K
}
Event: 0.982 GC heap after
{Heap after GC invocations=1 (full 0):
 garbage-first heap   total 262144K, used 8534K [0x0000000080000000, 0x0000000100000000)
  region size 1024K, 3 young (3072K), 3 survivors (3072K)
 Metaspace       used 10414K, capacity 10640K, committed 11008K, reserved 1058816K
  class space    used 1098K, capacity 1164K, committed 1280K, reserved 1048576K
}
Event: 3.912 GC heap before
{Heap before GC invocations=1 (full 0):
 garbage-first heap   total 262144K, used 93526K [0x0000000080000000, 0x0000000100000000)
  region size 1024K, 88 young (90112K), 3 survivors (3072K)
 Metaspace       used 20651K, capacity 21105K, committed 21248K, reserved 1067008K
  class space    used 2532K, capacity 2710K, committed 2816K, reserved 1048576K
}
Event: 3.923 GC heap after
{Heap after GC invocations=2 (full 0):
 garbage-first heap   total 262144K, used 16135K [0x0000000080000000, 0x0000000100000000)
  region size 1024K, 11 young (11264K), 11 survivors (11264K)
 Metaspace       used 20651K, capacity 21105K, committed 21248K, reserved 1067008K
  class space    used 2532K, capacity 2710K, committed 2816K, reserved 1048576K
}
Event: 4.774 GC heap before
{Heap before GC invocations=3 (full 0):
 garbage-first heap   total 262144K, used 57095K [0x0000000080000000, 0x0000000100000000)
  region size 1024K, 51 young (52224K), 11 survivors (11264K)
 Metaspace       used 25456K, capacity 26090K, committed 26368K, reserved 1073152K
  class space    used 3308K, capacity 3502K, committed 3584K, reserved 1048576K
}
Event: 4.782 GC heap after
{Heap after GC invocations=4 (full 0):
 garbage-first heap   total 262144K, used 18051K [0x0000000080000000, 0x0000000100000000)
  region size 1024K, 3 young (3072K), 3 survivors (3072K)
 Metaspace       used 25456K, capacity 26090K, committed 26368K, reserved 1073152K
  class space    used 3308K, capacity 3502K, committed 3584K, reserved 1048576K
}
Event: 5.954 GC heap before
{Heap before GC invocations=4 (full 0):
 garbage-first heap   total 262144K, used 75395K [0x0000000080000000, 0x0000000100000000)
  region size 1024K, 60 young (61440K), 3 survivors (3072K)
 Metaspace       used 35099K, capacity 35737K, committed 35840K, reserved 1081344K
  class space    used 4565K, capacity 4824K, committed 4864K, reserved 1048576K
}
Event: 5.964 GC heap after
{Heap after GC invocations=5 (full 0):
 garbage-first heap   total 262144K, used 21206K [0x0000000080000000, 0x0000000100000000)
  region size 1024K, 6 young (6144K), 6 survivors (6144K)
 Metaspace       used 35099K, capacity 35737K, committed 35840K, reserved 1081344K
  class space    used 4565K, capacity 4824K, committed 4864K, reserved 1048576K
}
Event: 7.898 GC heap before
{Heap before GC invocations=6 (full 0):
 garbage-first heap   total 262144K, used 134870K [0x0000000080000000, 0x0000000100000000)
  region size 1024K, 114 young (116736K), 6 survivors (6144K)
 Metaspace       used 44184K, capacity 45244K, committed 45568K, reserved 1089536K
  class space    used 5667K, capacity 6030K, committed 6144K, reserved 1048576K
}
Event: 7.907 GC heap after
{Heap after GC invocations=7 (full 0):
 garbage-first heap   total 262144K, used 26522K [0x0000000080000000, 0x0000000100000000)
  region size 1024K, 11 young (11264K), 11 survivors (11264K)
 Metaspace       used 44184K, capacity 45244K, committed 45568K, reserved 1089536K
  class space    used 5667K, capacity 6030K, committed 6144K, reserved 1048576K
}
Event: 26.331 GC heap before
{Heap before GC invocations=7 (full 0):
 garbage-first heap   total 262144K, used 166810K [0x0000000080000000, 0x0000000100000000)
  region size 1024K, 146 young (149504K), 11 survivors (11264K)
 Metaspace       used 58724K, capacity 60122K, committed 60160K, reserved 1101824K
  class space    used 7440K, capacity 7930K, committed 7936K, reserved 1048576K
}
Event: 26.395 GC heap after
{Heap after GC invocations=8 (full 0):
 garbage-first heap   total 262144K, used 41748K [0x0000000080000000, 0x0000000100000000)
  region size 1024K, 20 young (20480K), 20 survivors (20480K)
 Metaspace       used 58724K, capacity 60122K, committed 60160K, reserved 1101824K
  class space    used 7440K, capacity 7930K, committed 7936K, reserved 1048576K
}
Event: 33.509 GC heap before
{Heap before GC invocations=9 (full 0):
 garbage-first heap   total 262144K, used 177940K [0x0000000080000000, 0x0000000100000000)
  region size 1024K, 153 young (156672K), 20 survivors (20480K)
 Metaspace       used 71685K, capacity 73331K, committed 73600K, reserved 1112064K
  class space    used 9414K, capacity 9997K, committed 10112K, reserved 1048576K
}
Event: 33.529 GC heap after
{Heap after GC invocations=10 (full 0):
 garbage-first heap   total 262144K, used 51200K [0x0000000080000000, 0x0000000100000000)
  region size 1024K, 10 young (10240K), 10 survivors (10240K)
 Metaspace       used 71685K, capacity 73331K, committed 73600K, reserved 1112064K
  class space    used 9414K, capacity 9997K, committed 10112K, reserved 1048576K
}

Deoptimization events (20 events):
Event: 40.790 Thread 0x000002cd6ca2b800 DEOPT PACKING pc=0x000002cd599a1990 sp=0x000000de9d3fd160
Event: 40.790 Thread 0x000002cd6ca2b800 DEOPT UNPACKING pc=0x000002cd51a774af sp=0x000000de9d3fd0e8 mode 2
Event: 40.817 Thread 0x000002cd6cea3000 DEOPT PACKING pc=0x000002cd52c6d78e sp=0x000000de963fb8a0
Event: 40.817 Thread 0x000002cd6cea3000 DEOPT UNPACKING pc=0x000002cd51a772ce sp=0x000000de963fae00 mode 0
Event: 40.818 Thread 0x000002cd6cea3000 Uncommon trap: trap_request=0xffffffbe fr.pc=0x000002cd599cf784 relative=0x0000000000000744
Event: 40.818 Thread 0x000002cd6cea3000 Uncommon trap: reason=profile_predicate action=maybe_recompile pc=0x000002cd599cf784 method=org.gradle.internal.snapshot.SearchUtil.binarySearch(Ljava/util/List;Ljava/lang/Comparable;)I @ 88 c2
Event: 40.818 Thread 0x000002cd6cea3000 DEOPT PACKING pc=0x000002cd599cf784 sp=0x000000de963fb0d0
Event: 40.818 Thread 0x000002cd6cea3000 DEOPT UNPACKING pc=0x000002cd51a774af sp=0x000000de963fb058 mode 2
Event: 40.818 Thread 0x000002cd6cea3000 Uncommon trap: trap_request=0xffffffbe fr.pc=0x000002cd599cf784 relative=0x0000000000000744
Event: 40.818 Thread 0x000002cd6cea3000 Uncommon trap: reason=profile_predicate action=maybe_recompile pc=0x000002cd599cf784 method=org.gradle.internal.snapshot.SearchUtil.binarySearch(Ljava/util/List;Ljava/lang/Comparable;)I @ 88 c2
Event: 40.818 Thread 0x000002cd6cea3000 DEOPT PACKING pc=0x000002cd599cf784 sp=0x000000de963faf80
Event: 40.818 Thread 0x000002cd6cea3000 DEOPT UNPACKING pc=0x000002cd51a774af sp=0x000000de963faf08 mode 2
Event: 40.818 Thread 0x000002cd6cea3000 Uncommon trap: trap_request=0xffffffbe fr.pc=0x000002cd599cf784 relative=0x0000000000000744
Event: 40.818 Thread 0x000002cd6cea3000 Uncommon trap: reason=profile_predicate action=maybe_recompile pc=0x000002cd599cf784 method=org.gradle.internal.snapshot.SearchUtil.binarySearch(Ljava/util/List;Ljava/lang/Comparable;)I @ 88 c2
Event: 40.818 Thread 0x000002cd6cea3000 DEOPT PACKING pc=0x000002cd599cf784 sp=0x000000de963fb0c0
Event: 40.818 Thread 0x000002cd6cea3000 DEOPT UNPACKING pc=0x000002cd51a774af sp=0x000000de963fb048 mode 2
Event: 40.818 Thread 0x000002cd6cea3000 Uncommon trap: trap_request=0xffffffbe fr.pc=0x000002cd599cf784 relative=0x0000000000000744
Event: 40.818 Thread 0x000002cd6cea3000 Uncommon trap: reason=profile_predicate action=maybe_recompile pc=0x000002cd599cf784 method=org.gradle.internal.snapshot.SearchUtil.binarySearch(Ljava/util/List;Ljava/lang/Comparable;)I @ 88 c2
Event: 40.818 Thread 0x000002cd6cea3000 DEOPT PACKING pc=0x000002cd599cf784 sp=0x000000de963faf70
Event: 40.818 Thread 0x000002cd6cea3000 DEOPT UNPACKING pc=0x000002cd51a774af sp=0x000000de963faef8 mode 2

Classes redefined (0 events):
No events

Internal exceptions (20 events):
Event: 33.026 Thread 0x000002cd6a5ae000 Exception <a 'java/lang/NullPointerException'{0x00000000896ed098}> (0x00000000896ed098) thrown at [./src/hotspot/share/interpreter/linkResolver.cpp, line 1440]
Event: 33.295 Thread 0x000002cd6a5ae000 Exception <a 'java/lang/NoSuchMethodError'{0x0000000088771b10}: 'int java.lang.invoke.DirectMethodHandle$Holder.invokeStatic(java.lang.Object, java.lang.Object, int, java.lang.Object)'> (0x0000000088771b10) thrown at [./src/hotspot/share/interpreter/linkResolver.cpp, line 773]
Event: 33.453 Thread 0x000002cd6a5ae000 Exception <a 'java/lang/NoSuchMethodError'{0x0000000087fd28c0}: 'java.lang.Object java.lang.invoke.Invokers$Holder.linkToTargetMethod(java.lang.Object, int, int, java.lang.Object)'> (0x0000000087fd28c0) thrown at [./src/hotspot/share/interpreter/linkResolver.cpp, line 773]
Event: 33.656 Thread 0x000002cd6a5ae000 Exception <a 'java/lang/NoSuchMethodError'{0x000000008f98b878}: <clinit>> (0x000000008f98b878) thrown at [./src/hotspot/share/prims/jni.cpp, line 1362]
Event: 33.662 Thread 0x000002cd6a5ae000 Exception <a 'java/lang/NoSuchMethodError'{0x000000008f9bce70}: <clinit>> (0x000000008f9bce70) thrown at [./src/hotspot/share/prims/jni.cpp, line 1362]
Event: 33.782 Thread 0x000002cd6a434000 Exception <a 'java/lang/NoSuchMethodError'{0x000000008f358ca0}: <clinit>> (0x000000008f358ca0) thrown at [./src/hotspot/share/prims/jni.cpp, line 1362]
Event: 33.783 Thread 0x000002cd6a434000 Exception <a 'java/lang/NoSuchMethodError'{0x000000008f374010}: <clinit>> (0x000000008f374010) thrown at [./src/hotspot/share/prims/jni.cpp, line 1362]
Event: 33.786 Thread 0x000002cd6a434000 Exception <a 'java/lang/NoSuchMethodError'{0x000000008f3a1a90}: <clinit>> (0x000000008f3a1a90) thrown at [./src/hotspot/share/prims/jni.cpp, line 1362]
Event: 33.787 Thread 0x000002cd6a434000 Exception <a 'java/lang/NoSuchMethodError'{0x000000008f3b1e10}: <clinit>> (0x000000008f3b1e10) thrown at [./src/hotspot/share/prims/jni.cpp, line 1362]
Event: 33.787 Thread 0x000002cd6a434000 Exception <a 'java/lang/NoSuchMethodError'{0x000000008f3c4d28}: <clinit>> (0x000000008f3c4d28) thrown at [./src/hotspot/share/prims/jni.cpp, line 1362]
Event: 33.789 Thread 0x000002cd6ca2b800 Exception <a 'java/lang/NoSuchMethodError'{0x000000008f53c598}: 'java.lang.Object java.lang.invoke.Invokers$Holder.linkToTargetMethod(java.lang.Object, java.lang.Object, java.lang.Object, java.lang.Object, java.lang.Object, java.lang.Object, java.lang.Object, java.lang.Object)'> (0x000000008f53c598) thrown at [./src/hotspot/share/interpreter/linkResolver.cpp, line 773]
Event: 33.884 Thread 0x000002cd6ca29000 Exception <a 'java/lang/NoSuchMethodError'{0x000000008f1db448}: <clinit>> (0x000000008f1db448) thrown at [./src/hotspot/share/prims/jni.cpp, line 1362]
Event: 33.885 Thread 0x000002cd6ca29000 Exception <a 'java/lang/NoSuchMethodError'{0x000000008f026218}: <clinit>> (0x000000008f026218) thrown at [./src/hotspot/share/prims/jni.cpp, line 1362]
Event: 34.170 Thread 0x000002cd6a434000 Exception <a 'java/lang/NoSuchMethodError'{0x000000008efb22e8}: <clinit>> (0x000000008efb22e8) thrown at [./src/hotspot/share/prims/jni.cpp, line 1362]
Event: 37.222 Thread 0x000002cd6ca2b800 Exception <a 'java/lang/NoSuchMethodError'{0x000000008e7b79e0}: 'java.lang.Object java.lang.invoke.Invokers$Holder.linkToTargetMethod(java.lang.Object, java.lang.Object, java.lang.Object, java.lang.Object, java.lang.Object, java.lang.Object, java.lang.Object)'> (0x000000008e7b79e0) thrown at [./src/hotspot/share/interpreter/linkResolver.cpp, line 773]
Event: 37.341 Thread 0x000002cd6cea9800 Exception <a 'java/lang/NoSuchMethodError'{0x000000008e380470}: 'java.lang.Object java.lang.invoke.DirectMethodHandle$Holder.invokeSpecialIFC(java.lang.Object, java.lang.Object, java.lang.Object)'> (0x000000008e380470) thrown at [./src/hotspot/share/interpreter/linkResolver.cpp, line 773]
Event: 38.171 Thread 0x000002cd6ceac000 Exception <a 'java/lang/NoSuchMethodError'{0x000000008db55d08}: 'java.lang.Object java.lang.invoke.DirectMethodHandle$Holder.invokeSpecial(java.lang.Object, java.lang.Object, int, java.lang.Object, java.lang.Object)'> (0x000000008db55d08) thrown at [./src/hotspot/share/interpreter/linkResolver.cpp, line 773]
Event: 38.173 Thread 0x000002cd6ceac000 Exception <a 'java/lang/NoSuchMethodError'{0x000000008db5e540}: 'java.lang.Object java.lang.invoke.DirectMethodHandle$Holder.invokeStatic(java.lang.Object, java.lang.Object, int, java.lang.Object)'> (0x000000008db5e540) thrown at [./src/hotspot/share/interpreter/linkResolver.cpp, line 773]
Event: 38.173 Thread 0x000002cd6ceac000 Exception <a 'java/lang/NoSuchMethodError'{0x000000008db624e0}: 'java.lang.Object java.lang.invoke.Invokers$Holder.linkToTargetMethod(java.lang.Object, int, java.lang.Object, java.lang.Object)'> (0x000000008db624e0) thrown at [./src/hotspot/share/interpreter/linkResolver.cpp, line 773]
Event: 38.176 Thread 0x000002cd6ceac000 Exception <a 'java/lang/NoSuchMethodError'{0x000000008db7e0b0}: 'void java.lang.invoke.DirectMethodHandle$Holder.invokeVirtual(java.lang.Object, java.lang.Object)'> (0x000000008db7e0b0) thrown at [./src/hotspot/share/interpreter/linkResolver.cpp, line 773]

Events (20 events):
Event: 40.794 Executing VM operation: RevokeBias done
Event: 40.833 Executing VM operation: RevokeBias
Event: 40.834 Executing VM operation: RevokeBias done
Event: 40.861 Executing VM operation: RevokeBias
Event: 40.861 Executing VM operation: RevokeBias done
Event: 40.877 Thread 0x000002cd6be72000 Thread added: 0x000002cd6be72000
Event: 40.892 Executing VM operation: RevokeBias
Event: 40.893 Executing coalesced safepoint VM operation: RevokeBias
Event: 40.893 Executing coalesced safepoint VM operation: RevokeBias done
Event: 40.893 Executing VM operation: RevokeBias done
Event: 40.985 Executing VM operation: RevokeBias
Event: 40.985 Executing VM operation: RevokeBias done
Event: 41.001 Executing VM operation: RevokeBias
Event: 41.002 Executing coalesced safepoint VM operation: RevokeBias
Event: 41.002 Executing coalesced safepoint VM operation: RevokeBias done
Event: 41.002 Executing VM operation: RevokeBias done
Event: 41.124 Executing VM operation: RevokeBias
Event: 41.125 Executing VM operation: RevokeBias done
Event: 41.125 Executing VM operation: RevokeBias
Event: 41.125 Executing VM operation: RevokeBias done


Dynamic libraries:
0x00007ff6b15d0000 - 0x00007ff6b15da000 	V:\Program Files\Android\Android Studio\jre\bin\java.exe
0x00007ffd71930000 - 0x00007ffd71b25000 	C:\WINDOWS\SYSTEM32\ntdll.dll
0x00007ffd52130000 - 0x00007ffd52145000 	C:\Program Files\Avast Software\Avast\aswhook.dll
0x00007ffd705c0000 - 0x00007ffd7067d000 	C:\WINDOWS\System32\KERNEL32.DLL
0x00007ffd6f330000 - 0x00007ffd6f5f9000 	C:\WINDOWS\System32\KERNELBASE.dll
0x00007ffd6f120000 - 0x00007ffd6f220000 	C:\WINDOWS\System32\ucrtbase.dll
0x00007ffd41a90000 - 0x00007ffd41aa9000 	V:\Program Files\Android\Android Studio\jre\bin\jli.dll
0x00007ffd410d0000 - 0x00007ffd410e7000 	V:\Program Files\Android\Android Studio\jre\bin\VCRUNTIME140.dll
0x00007ffd715a0000 - 0x00007ffd71740000 	C:\WINDOWS\System32\USER32.dll
0x00007ffd6f060000 - 0x00007ffd6f082000 	C:\WINDOWS\System32\win32u.dll
0x00007ffd5b750000 - 0x00007ffd5b9ea000 	C:\WINDOWS\WinSxS\amd64_microsoft.windows.common-controls_6595b64144ccf1df_6.0.19041.1110_none_60b5254171f9507e\COMCTL32.dll
0x00007ffd71180000 - 0x00007ffd711aa000 	C:\WINDOWS\System32\GDI32.dll
0x00007ffd704c0000 - 0x00007ffd7055e000 	C:\WINDOWS\System32\msvcrt.dll
0x00007ffd6f630000 - 0x00007ffd6f73b000 	C:\WINDOWS\System32\gdi32full.dll
0x00007ffd6f8f0000 - 0x00007ffd6f98d000 	C:\WINDOWS\System32\msvcp_win.dll
0x00007ffd6ffc0000 - 0x00007ffd6fff0000 	C:\WINDOWS\System32\IMM32.DLL
0x00007ffd15ac0000 - 0x00007ffd15b5d000 	V:\Program Files\Android\Android Studio\jre\bin\msvcp140.dll
0x00007ffd139a0000 - 0x00007ffd1445c000 	V:\Program Files\Android\Android Studio\jre\bin\server\jvm.dll
0x00007ffd6ff10000 - 0x00007ffd6ffbc000 	C:\WINDOWS\System32\ADVAPI32.dll
0x00007ffd71500000 - 0x00007ffd7159b000 	C:\WINDOWS\System32\sechost.dll
0x00007ffd713c0000 - 0x00007ffd714ea000 	C:\WINDOWS\System32\RPCRT4.dll
0x00007ffd714f0000 - 0x00007ffd714f8000 	C:\WINDOWS\System32\PSAPI.DLL
0x00007ffd59900000 - 0x00007ffd59909000 	C:\WINDOWS\SYSTEM32\WSOCK32.dll
0x00007ffd5e2b0000 - 0x00007ffd5e2d7000 	C:\WINDOWS\SYSTEM32\WINMM.dll
0x00007ffd683a0000 - 0x00007ffd683aa000 	C:\WINDOWS\SYSTEM32\VERSION.dll
0x00007ffd71740000 - 0x00007ffd717ab000 	C:\WINDOWS\System32\WS2_32.dll
0x00007ffd6cf90000 - 0x00007ffd6cfa2000 	C:\WINDOWS\SYSTEM32\kernel.appcore.dll
0x00007ffd5ce50000 - 0x00007ffd5ce61000 	V:\Program Files\Android\Android Studio\jre\bin\verify.dll
0x00007ffd67480000 - 0x00007ffd67664000 	C:\WINDOWS\SYSTEM32\DBGHELP.DLL
0x00007ffd66b90000 - 0x00007ffd66bbc000 	C:\WINDOWS\SYSTEM32\dbgcore.DLL
0x00007ffd6f090000 - 0x00007ffd6f113000 	C:\WINDOWS\System32\bcryptPrimitives.dll
0x00007ffd53920000 - 0x00007ffd53949000 	V:\Program Files\Android\Android Studio\jre\bin\java.dll
0x00007ffd6a490000 - 0x00007ffd6a49b000 	V:\Program Files\Android\Android Studio\jre\bin\jimage.dll
0x00007ffd55730000 - 0x00007ffd55748000 	V:\Program Files\Android\Android Studio\jre\bin\zip.dll
0x00007ffd709c0000 - 0x00007ffd710ff000 	C:\WINDOWS\System32\SHELL32.dll
0x00007ffd6d190000 - 0x00007ffd6d920000 	C:\WINDOWS\SYSTEM32\windows.storage.dll
0x00007ffd70160000 - 0x00007ffd704b5000 	C:\WINDOWS\System32\combase.dll
0x00007ffd6eac0000 - 0x00007ffd6eaec000 	C:\WINDOWS\SYSTEM32\Wldp.dll
0x00007ffd71840000 - 0x00007ffd718ee000 	C:\WINDOWS\System32\SHCORE.dll
0x00007ffd70050000 - 0x00007ffd700a5000 	C:\WINDOWS\System32\shlwapi.dll
0x00007ffd6efa0000 - 0x00007ffd6efbf000 	C:\WINDOWS\SYSTEM32\profapi.dll
0x00007ffd53380000 - 0x00007ffd5339a000 	V:\Program Files\Android\Android Studio\jre\bin\net.dll
0x00007ffd5df50000 - 0x00007ffd5e058000 	C:\WINDOWS\SYSTEM32\WINHTTP.dll
0x00007ffd6e820000 - 0x00007ffd6e88a000 	C:\WINDOWS\system32\mswsock.dll
0x00007ffd53360000 - 0x00007ffd53374000 	V:\Program Files\Android\Android Studio\jre\bin\nio.dll
0x00007ffd412c0000 - 0x00007ffd412e7000 	C:\Users\maxde\.gradle\native\fdc75f09e3144964f2cf3f50f0aa648679c211496f362492102eb8c894070792\windows-amd64\native-platform.dll
0x00007ffd145f0000 - 0x00007ffd14786000 	C:\Users\maxde\.gradle\native\12488b8bf47d2d4c9fbf2f6322a914ad602e24e48041cd04a747c6da556b65c4\windows-amd64\native-platform-file-events.dll
0x00007ffd5e250000 - 0x00007ffd5e25a000 	V:\Program Files\Android\Android Studio\jre\bin\management.dll
0x00007ffd5e220000 - 0x00007ffd5e22c000 	V:\Program Files\Android\Android Studio\jre\bin\management_ext.dll
0x00007ffd6ea20000 - 0x00007ffd6ea38000 	C:\WINDOWS\SYSTEM32\CRYPTSP.dll
0x00007ffd6e130000 - 0x00007ffd6e164000 	C:\WINDOWS\system32\rsaenh.dll
0x00007ffd6f600000 - 0x00007ffd6f627000 	C:\WINDOWS\System32\bcrypt.dll
0x00007ffd6ef60000 - 0x00007ffd6ef8e000 	C:\WINDOWS\SYSTEM32\USERENV.dll
0x00007ffd6ea10000 - 0x00007ffd6ea1c000 	C:\WINDOWS\SYSTEM32\CRYPTBASE.dll
0x00007ffd6e4c0000 - 0x00007ffd6e4fb000 	C:\WINDOWS\SYSTEM32\IPHLPAPI.DLL
0x00007ffd70890000 - 0x00007ffd70898000 	C:\WINDOWS\System32\NSI.dll
0x00007ffd69c40000 - 0x00007ffd69c57000 	C:\WINDOWS\SYSTEM32\dhcpcsvc6.DLL
0x00007ffd68980000 - 0x00007ffd6899d000 	C:\WINDOWS\SYSTEM32\dhcpcsvc.DLL
0x00007ffd6e510000 - 0x00007ffd6e5dc000 	C:\WINDOWS\SYSTEM32\DNSAPI.dll
0x00007ffd69c60000 - 0x00007ffd69c6b000 	C:\WINDOWS\SYSTEM32\WINNSI.DLL

dbghelp: loaded successfully - version: 4.0.5 - missing functions: none
symbol engine: initialized successfully - sym options: 0x614 - pdb path: .;V:\Program Files\Android\Android Studio\jre\bin;C:\WINDOWS\SYSTEM32;C:\Program Files\Avast Software\Avast;C:\WINDOWS\WinSxS\amd64_microsoft.windows.common-controls_6595b64144ccf1df_6.0.19041.1110_none_60b5254171f9507e;V:\Program Files\Android\Android Studio\jre\bin\server;C:\Users\maxde\.gradle\native\fdc75f09e3144964f2cf3f50f0aa648679c211496f362492102eb8c894070792\windows-amd64;C:\Users\maxde\.gradle\native\12488b8bf47d2d4c9fbf2f6322a914ad602e24e48041cd04a747c6da556b65c4\windows-amd64

VM Arguments:
jvm_args: --add-opens=java.base/java.util=ALL-UNNAMED --add-opens=java.base/java.lang=ALL-UNNAMED --add-opens=java.base/java.lang.invoke=ALL-UNNAMED --add-opens=java.prefs/java.util.prefs=ALL-UNNAMED -Xmx2048m -Dfile.encoding=UTF-8 -Duser.country=US -Duser.language=en -Duser.variant 
java_command: org.gradle.launcher.daemon.bootstrap.GradleDaemon 6.7.1
java_class_path (initial): C:\Users\maxde\.gradle\wrapper\dists\gradle-6.7.1-bin\bwlcbys1h7rz3272sye1xwiv6\gradle-6.7.1\lib\gradle-launcher-6.7.1.jar
Launcher Type: SUN_STANDARD

[Global flags]
     intx CICompilerCount                          = 4                                         {product} {ergonomic}
     uint ConcGCThreads                            = 3                                         {product} {ergonomic}
     uint G1ConcRefinementThreads                  = 10                                        {product} {ergonomic}
   size_t G1HeapRegionSize                         = 1048576                                   {product} {ergonomic}
    uintx GCDrainStackTargetSize                   = 64                                        {product} {ergonomic}
   size_t InitialHeapSize                          = 268435456                                 {product} {ergonomic}
   size_t MarkStackSize                            = 4194304                                   {product} {ergonomic}
   size_t MaxHeapSize                              = 2147483648                                {product} {command line}
   size_t MaxNewSize                               = 1287651328                                {product} {ergonomic}
   size_t MinHeapDeltaBytes                        = 1048576                                   {product} {ergonomic}
    uintx NonNMethodCodeHeapSize                   = 5836300                                {pd product} {ergonomic}
    uintx NonProfiledCodeHeapSize                  = 122910970                              {pd product} {ergonomic}
    uintx ProfiledCodeHeapSize                     = 122910970                              {pd product} {ergonomic}
    uintx ReservedCodeCacheSize                    = 251658240                              {pd product} {ergonomic}
     bool SegmentedCodeCache                       = true                                      {product} {ergonomic}
     bool UseCompressedClassPointers               = true                                 {lp64_product} {ergonomic}
     bool UseCompressedOops                        = true                                 {lp64_product} {ergonomic}
     bool UseG1GC                                  = true                                      {product} {ergonomic}
     bool UseLargePagesIndividualAllocation        = false                                  {pd product} {ergonomic}

Logging:
Log output configuration:
 #0: stdout all=warning uptime,level,tags
 #1: stderr all=off uptime,level,tags

Environment Variables:
PATH=C:\Program Files\Common Files\Oracle\Java\javapath;C:\Windows\system32;C:\Windows;C:\Windows\System32\Wbem;C:\Windows\System32\WindowsPowerShell\v1.0\;C:\WINDOWS\system32;C:\WINDOWS;C:\WINDOWS\System32\Wbem;C:\WINDOWS\System32\WindowsPowerShell\v1.0\;C:\WINDOWS\System32\OpenSSH\;C:\Program Files (x86)\NVIDIA Corporation\PhysX\Common;C:\Program Files\dotnet\;C:\Program Files\Microsoft SQL Server\130\Tools\Binn\;C:\Program Files\Microsoft SQL Server\Client SDK\ODBC\170\Tools\Binn\;C:\Users\maxde\AppData\Local\Microsoft\WindowsApps;C:\Users\maxde\.dotnet\tools;V:\Users\maxde\AppData\Local\Programs\Microsoft VS Code\bin;C:\Users\maxde\AppData\Local\GitHubDesktop\bin
USERNAME=Max
OS=Windows_NT
PROCESSOR_IDENTIFIER=AMD64 Family 23 Model 8 Stepping 2, AuthenticAMD



---------------  S Y S T E M  ---------------

OS: Windows 10 , 64 bit Build 19041 (10.0.19041.1151)
OS uptime: 1 days 18:22 hours

CPU:total 12 (initial active 12) (12 cores per cpu, 2 threads per core) family 23 model 8 stepping 2, cmov, cx8, fxsr, mmx, sse, sse2, sse3, ssse3, sse4.1, sse4.2, popcnt, avx, avx2, aes, clmul, mmxext, 3dnowpref, lzcnt, sse4a, ht, tsc, tscinvbit, tscinv, bmi1, bmi2, adx, sha, fma

Memory: 4k page, system-wide physical 16333M (377M free)
TotalPageFile size 30534M (AvailPageFile size 69M)
current process WorkingSet (physical memory assigned to process): 437M, peak: 437M
current process commit charge ("private bytes"): 530M, peak: 530M

vm_info: OpenJDK 64-Bit Server VM (11.0.8+10-b944.6842174) for windows-amd64 JRE (11.0.8+10-b944.6842174), built on Sep 19 2020 01:11:42 by "builder" with MS VC++ 14.0 (VS2015)

END.
